<?xml version="1.0" encoding="UTF-8" standalone="yes"?><!DOCTYPE report PUBLIC "-//JACOCO//DTD Report 1.1//EN" "report.dtd"><report name="ApiPosture Core"><sessioninfo id="pop-os-23f35c2d" start="1769078824443" dump="1769078825392"/><package name="com/apiposture/core/classification"><class name="com/apiposture/core/classification/SecurityClassifier" sourcefilename="SecurityClassifier.java"><method name="&lt;init&gt;" desc="()V" line="10"><counter type="INSTRUCTION" missed="3" covered="0"/><counter type="LINE" missed="1" covered="0"/><counter type="COMPLEXITY" missed="1" covered="0"/><counter type="METHOD" missed="1" covered="0"/></method><method name="classify" desc="(Lcom/apiposture/core/models/Endpoint;)Lcom/apiposture/core/models/Endpoint;" line="16"><counter type="INSTRUCTION" missed="9" covered="0"/><counter type="LINE" missed="2" covered="0"/><counter type="COMPLEXITY" missed="1" covered="0"/><counter type="METHOD" missed="1" covered="0"/></method><method name="determineClassification" desc="(Lcom/apiposture/core/models/AuthorizationInfo;)Lcom/apiposture/core/models/SecurityClassification;" line="24"><counter type="INSTRUCTION" missed="36" covered="0"/><counter type="BRANCH" missed="14" covered="0"/><counter type="LINE" missed="13" covered="0"/><counter type="COMPLEXITY" missed="8" covered="0"/><counter type="METHOD" missed="1" covered="0"/></method><counter type="INSTRUCTION" missed="48" covered="0"/><counter type="BRANCH" missed="14" covered="0"/><counter type="LINE" missed="16" covered="0"/><counter type="COMPLEXITY" missed="10" covered="0"/><counter type="METHOD" missed="3" covered="0"/><counter type="CLASS" missed="1" covered="0"/></class><sourcefile name="SecurityClassifier.java"><line nr="10" mi="3" ci="0" mb="0" cb="0"/><line nr="16" mi="5" ci="0" mb="0" cb="0"/><line nr="17" mi="4" ci="0" mb="0" cb="0"/><line nr="24" mi="2" ci="0" mb="2" cb="0"/><line nr="25" mi="2" ci="0" mb="0" cb="0"/><line nr="29" mi="3" ci="0" mb="2" cb="0"/><line nr="30" mi="2" ci="0" mb="0" cb="0"/><line nr="34" mi="3" ci="0" mb="2" cb="0"/><line nr="35" mi="2" ci="0" mb="0" cb="0"/><line nr="39" mi="4" ci="0" mb="2" cb="0"/><line nr="40" mi="2" ci="0" mb="0" cb="0"/><line nr="44" mi="4" ci="0" mb="2" cb="0"/><line nr="45" mi="2" ci="0" mb="0" cb="0"/><line nr="49" mi="6" ci="0" mb="4" cb="0"/><line nr="50" mi="2" ci="0" mb="0" cb="0"/><line nr="54" mi="2" ci="0" mb="0" cb="0"/><counter type="INSTRUCTION" missed="48" covered="0"/><counter type="BRANCH" missed="14" covered="0"/><counter type="LINE" missed="16" covered="0"/><counter type="COMPLEXITY" missed="10" covered="0"/><counter type="METHOD" missed="3" covered="0"/><counter type="CLASS" missed="1" covered="0"/></sourcefile><counter type="INSTRUCTION" missed="48" covered="0"/><counter type="BRANCH" missed="14" covered="0"/><counter type="LINE" missed="16" covered="0"/><counter type="COMPLEXITY" missed="10" covered="0"/><counter type="METHOD" missed="3" covered="0"/><counter type="CLASS" missed="1" covered="0"/></package><package name="com/apiposture/core/models"><class name="com/apiposture/core/models/EndpointType" sourcefilename="EndpointType.java"><method name="&lt;clinit&gt;" desc="()V" line="6"><counter type="INSTRUCTION" missed="0" covered="15"/><counter type="LINE" missed="0" covered="3"/><counter type="COMPLEXITY" missed="0" covered="1"/><counter type="METHOD" missed="0" covered="1"/></method><counter type="INSTRUCTION" missed="0" covered="15"/><counter type="LINE" missed="0" covered="3"/><counter type="COMPLEXITY" missed="0" covered="1"/><counter type="METHOD" missed="0" covered="1"/><counter type="CLASS" missed="0" covered="1"/></class><class name="com/apiposture/core/models/ScanResult$Builder" sourcefilename="ScanResult.java"><method name="&lt;init&gt;" desc="()V" line="110"><counter type="INSTRUCTION" missed="16" covered="0"/><counter type="LINE" missed="4" covered="0"/><counter type="COMPLEXITY" missed="1" covered="0"/><counter type="METHOD" missed="1" covered="0"/></method><method name="projectPath" desc="(Ljava/lang/String;)Lcom/apiposture/core/models/ScanResult$Builder;" line="119"><counter type="INSTRUCTION" missed="5" covered="0"/><counter type="LINE" missed="2" covered="0"/><counter type="COMPLEXITY" missed="1" covered="0"/><counter type="METHOD" missed="1" covered="0"/></method><method name="endpoints" desc="(Ljava/util/List;)Lcom/apiposture/core/models/ScanResult$Builder;" line="124"><counter type="INSTRUCTION" missed="8" covered="0"/><counter type="LINE" missed="2" covered="0"/><counter type="COMPLEXITY" missed="1" covered="0"/><counter type="METHOD" missed="1" covered="0"/></method><method name="addEndpoint" desc="(Lcom/apiposture/core/models/Endpoint;)Lcom/apiposture/core/models/ScanResult$Builder;" line="129"><counter type="INSTRUCTION" missed="7" covered="0"/><counter type="LINE" missed="2" covered="0"/><counter type="COMPLEXITY" missed="1" covered="0"/><counter type="METHOD" missed="1" covered="0"/></method><method name="findings" desc="(Ljava/util/List;)Lcom/apiposture/core/models/ScanResult$Builder;" line="134"><counter type="INSTRUCTION" missed="8" covered="0"/><counter type="LINE" missed="2" covered="0"/><counter type="COMPLEXITY" missed="1" covered="0"/><counter type="METHOD" missed="1" covered="0"/></method><method name="addFinding" desc="(Lcom/apiposture/core/models/Finding;)Lcom/apiposture/core/models/ScanResult$Builder;" line="139"><counter type="INSTRUCTION" missed="7" covered="0"/><counter type="LINE" missed="2" covered="0"/><counter type="COMPLEXITY" missed="1" covered="0"/><counter type="METHOD" missed="1" covered="0"/></method><method name="scannedFiles" desc="(I)Lcom/apiposture/core/models/ScanResult$Builder;" line="144"><counter type="INSTRUCTION" missed="5" covered="0"/><counter type="LINE" missed="2" covered="0"/><counter type="COMPLEXITY" missed="1" covered="0"/><counter type="METHOD" missed="1" covered="0"/></method><method name="scanDuration" desc="(Ljava/time/Duration;)Lcom/apiposture/core/models/ScanResult$Builder;" line="149"><counter type="INSTRUCTION" missed="5" covered="0"/><counter type="LINE" missed="2" covered="0"/><counter type="COMPLEXITY" missed="1" covered="0"/><counter type="METHOD" missed="1" covered="0"/></method><method name="timestamp" desc="(Ljava/time/Instant;)Lcom/apiposture/core/models/ScanResult$Builder;" line="154"><counter type="INSTRUCTION" missed="5" covered="0"/><counter type="LINE" missed="2" covered="0"/><counter type="COMPLEXITY" missed="1" covered="0"/><counter type="METHOD" missed="1" covered="0"/></method><method name="build" desc="()Lcom/apiposture/core/models/ScanResult;" line="159"><counter type="INSTRUCTION" missed="16" covered="0"/><counter type="LINE" missed="1" covered="0"/><counter type="COMPLEXITY" missed="1" covered="0"/><counter type="METHOD" missed="1" covered="0"/></method><counter type="INSTRUCTION" missed="82" covered="0"/><counter type="LINE" missed="21" covered="0"/><counter type="COMPLEXITY" missed="10" covered="0"/><counter type="METHOD" missed="10" covered="0"/><counter type="CLASS" missed="1" covered="0"/></class><class name="com/apiposture/core/models/Severity" sourcefilename="Severity.java"><method name="&lt;init&gt;" desc="(Ljava/lang/String;II)V" line="15"><counter type="INSTRUCTION" missed="8" covered="0"/><counter type="LINE" missed="3" covered="0"/><counter type="COMPLEXITY" missed="1" covered="0"/><counter type="METHOD" missed="1" covered="0"/></method><method name="getLevel" desc="()I" line="20"><counter type="INSTRUCTION" missed="3" covered="0"/><counter type="LINE" missed="1" covered="0"/><counter type="COMPLEXITY" missed="1" covered="0"/><counter type="METHOD" missed="1" covered="0"/></method><method name="isAtLeast" desc="(Lcom/apiposture/core/models/Severity;)Z" line="27"><counter type="INSTRUCTION" missed="9" covered="0"/><counter type="BRANCH" missed="2" covered="0"/><counter type="LINE" missed="1" covered="0"/><counter type="COMPLEXITY" missed="2" covered="0"/><counter type="METHOD" missed="1" covered="0"/></method><method name="fromString" desc="(Ljava/lang/String;)Lcom/apiposture/core/models/Severity;" line="34"><counter type="INSTRUCTION" missed="14" covered="0"/><counter type="BRANCH" missed="4" covered="0"/><counter type="LINE" missed="5" covered="0"/><counter type="COMPLEXITY" missed="3" covered="0"/><counter type="METHOD" missed="1" covered="0"/></method><method name="&lt;clinit&gt;" desc="()V" line="6"><counter type="INSTRUCTION" missed="38" covered="0"/><counter type="LINE" missed="6" covered="0"/><counter type="COMPLEXITY" missed="1" covered="0"/><counter type="METHOD" missed="1" covered="0"/></method><counter type="INSTRUCTION" missed="72" covered="0"/><counter type="BRANCH" missed="6" covered="0"/><counter type="LINE" missed="16" covered="0"/><counter type="COMPLEXITY" missed="8" covered="0"/><counter type="METHOD" missed="5" covered="0"/><counter type="CLASS" missed="1" covered="0"/></class><class name="com/apiposture/core/models/SourceLocation" sourcefilename="SourceLocation.java"><method name="&lt;init&gt;" desc="(Ljava/lang/String;I)V" line="17"><counter type="INSTRUCTION" missed="0" covered="6"/><counter type="LINE" missed="0" covered="2"/><counter type="COMPLEXITY" missed="0" covered="1"/><counter type="METHOD" missed="0" covered="1"/></method><method name="&lt;init&gt;" desc="(Ljava/lang/String;II)V" line="8"><counter type="INSTRUCTION" missed="0" covered="12"/><counter type="LINE" missed="0" covered="1"/><counter type="COMPLEXITY" missed="0" covered="1"/><counter type="METHOD" missed="0" covered="1"/></method><method name="toString" desc="()Ljava/lang/String;" line="25"><counter type="INSTRUCTION" missed="41" covered="0"/><counter type="BRANCH" missed="2" covered="0"/><counter type="LINE" missed="3" covered="0"/><counter type="COMPLEXITY" missed="2" covered="0"/><counter type="METHOD" missed="1" covered="0"/></method><method name="relativePath" desc="(Ljava/lang/String;)Ljava/lang/String;" line="35"><counter type="INSTRUCTION" missed="36" covered="0"/><counter type="BRANCH" missed="10" covered="0"/><counter type="LINE" missed="8" covered="0"/><counter type="COMPLEXITY" missed="6" covered="0"/><counter type="METHOD" missed="1" covered="0"/></method><counter type="INSTRUCTION" missed="77" covered="18"/><counter type="BRANCH" missed="12" covered="0"/><counter type="LINE" missed="11" covered="3"/><counter type="COMPLEXITY" missed="8" covered="2"/><counter type="METHOD" missed="2" covered="2"/><counter type="CLASS" missed="0" covered="1"/></class><class name="com/apiposture/core/models/AuthorizationInfo" sourcefilename="AuthorizationInfo.java"><method name="&lt;init&gt;" desc="(Lcom/apiposture/core/models/AuthorizationInfo$Builder;)V" line="39"><counter type="INSTRUCTION" missed="0" covered="43"/><counter type="LINE" missed="0" covered="10"/><counter type="COMPLEXITY" missed="0" covered="1"/><counter type="METHOD" missed="0" covered="1"/></method><method name="hasAuthorize" desc="()Z" line="51"><counter type="INSTRUCTION" missed="0" covered="3"/><counter type="LINE" missed="0" covered="1"/><counter type="COMPLEXITY" missed="0" covered="1"/><counter type="METHOD" missed="0" covered="1"/></method><method name="hasPermitAll" desc="()Z" line="55"><counter type="INSTRUCTION" missed="0" covered="3"/><counter type="LINE" missed="0" covered="1"/><counter type="COMPLEXITY" missed="0" covered="1"/><counter type="METHOD" missed="0" covered="1"/></method><method name="hasDenyAll" desc="()Z" line="59"><counter type="INSTRUCTION" missed="0" covered="3"/><counter type="LINE" missed="0" covered="1"/><counter type="COMPLEXITY" missed="0" covered="1"/><counter type="METHOD" missed="0" covered="1"/></method><method name="isAuthenticated" desc="()Z" line="63"><counter type="INSTRUCTION" missed="0" covered="3"/><counter type="LINE" missed="0" covered="1"/><counter type="COMPLEXITY" missed="0" covered="1"/><counter type="METHOD" missed="0" covered="1"/></method><method name="getRoles" desc="()Ljava/util/Set;" line="67"><counter type="INSTRUCTION" missed="0" covered="3"/><counter type="LINE" missed="0" covered="1"/><counter type="COMPLEXITY" missed="0" covered="1"/><counter type="METHOD" missed="0" covered="1"/></method><method name="getAuthorities" desc="()Ljava/util/Set;" line="71"><counter type="INSTRUCTION" missed="0" covered="3"/><counter type="LINE" missed="0" covered="1"/><counter type="COMPLEXITY" missed="0" covered="1"/><counter type="METHOD" missed="0" covered="1"/></method><method name="getPreAuthorizeExpression" desc="()Ljava/lang/String;" line="75"><counter type="INSTRUCTION" missed="3" covered="0"/><counter type="LINE" missed="1" covered="0"/><counter type="COMPLEXITY" missed="1" covered="0"/><counter type="METHOD" missed="1" covered="0"/></method><method name="getInheritedFrom" desc="()Ljava/lang/String;" line="79"><counter type="INSTRUCTION" missed="3" covered="0"/><counter type="LINE" missed="1" covered="0"/><counter type="COMPLEXITY" missed="1" covered="0"/><counter type="METHOD" missed="1" covered="0"/></method><method name="hasAnySecurity" desc="()Z" line="86"><counter type="INSTRUCTION" missed="2" covered="19"/><counter type="BRANCH" missed="5" covered="5"/><counter type="LINE" missed="0" covered="1"/><counter type="COMPLEXITY" missed="5" covered="1"/><counter type="METHOD" missed="0" covered="1"/></method><method name="isExplicitlyPublic" desc="()Z" line="93"><counter type="INSTRUCTION" missed="3" covered="0"/><counter type="LINE" missed="1" covered="0"/><counter type="COMPLEXITY" missed="1" covered="0"/><counter type="METHOD" missed="1" covered="0"/></method><method name="isInherited" desc="()Z" line="100"><counter type="INSTRUCTION" missed="11" covered="0"/><counter type="BRANCH" missed="4" covered="0"/><counter type="LINE" missed="1" covered="0"/><counter type="COMPLEXITY" missed="3" covered="0"/><counter type="METHOD" missed="1" covered="0"/></method><method name="empty" desc="()Lcom/apiposture/core/models/AuthorizationInfo;" line="107"><counter type="INSTRUCTION" missed="0" covered="3"/><counter type="LINE" missed="0" covered="1"/><counter type="COMPLEXITY" missed="0" covered="1"/><counter type="METHOD" missed="0" covered="1"/></method><method name="builder" desc="()Lcom/apiposture/core/models/AuthorizationInfo$Builder;" line="114"><counter type="INSTRUCTION" missed="0" covered="4"/><counter type="LINE" missed="0" covered="1"/><counter type="COMPLEXITY" missed="0" covered="1"/><counter type="METHOD" missed="0" covered="1"/></method><method name="toBuilder" desc="()Lcom/apiposture/core/models/AuthorizationInfo$Builder;" line="121"><counter type="INSTRUCTION" missed="28" covered="0"/><counter type="LINE" missed="9" covered="0"/><counter type="COMPLEXITY" missed="1" covered="0"/><counter type="METHOD" missed="1" covered="0"/></method><method name="mergeWith" desc="(Lcom/apiposture/core/models/AuthorizationInfo;)Lcom/apiposture/core/models/AuthorizationInfo;" line="136"><counter type="INSTRUCTION" missed="12" covered="16"/><counter type="BRANCH" missed="5" covered="5"/><counter type="LINE" missed="6" covered="5"/><counter type="COMPLEXITY" missed="5" covered="1"/><counter type="METHOD" missed="0" covered="1"/></method><method name="equals" desc="(Ljava/lang/Object;)Z" line="162"><counter type="INSTRUCTION" missed="65" covered="0"/><counter type="BRANCH" missed="22" covered="0"/><counter type="LINE" missed="8" covered="0"/><counter type="COMPLEXITY" missed="12" covered="0"/><counter type="METHOD" missed="1" covered="0"/></method><method name="hashCode" desc="()I" line="177"><counter type="INSTRUCTION" missed="48" covered="0"/><counter type="LINE" missed="1" covered="0"/><counter type="COMPLEXITY" missed="1" covered="0"/><counter type="METHOD" missed="1" covered="0"/></method><method name="toString" desc="()Ljava/lang/String;" line="183"><counter type="INSTRUCTION" missed="20" covered="0"/><counter type="LINE" missed="1" covered="0"/><counter type="COMPLEXITY" missed="1" covered="0"/><counter type="METHOD" missed="1" covered="0"/></method><counter type="INSTRUCTION" missed="195" covered="103"/><counter type="BRANCH" missed="36" covered="10"/><counter type="LINE" missed="29" covered="24"/><counter type="COMPLEXITY" missed="31" covered="11"/><counter type="METHOD" missed="8" covered="11"/><counter type="CLASS" missed="0" covered="1"/></class><class name="com/apiposture/core/models/AuthorizationInfo$Builder" sourcefilename="AuthorizationInfo.java"><method name="&lt;init&gt;" desc="()V" line="198"><counter type="INSTRUCTION" missed="0" covered="13"/><counter type="LINE" missed="0" covered="3"/><counter type="COMPLEXITY" missed="0" covered="1"/><counter type="METHOD" missed="0" covered="1"/></method><method name="hasAuthorize" desc="(Z)Lcom/apiposture/core/models/AuthorizationInfo$Builder;" line="209"><counter type="INSTRUCTION" missed="0" covered="5"/><counter type="LINE" missed="0" covered="2"/><counter type="COMPLEXITY" missed="0" covered="1"/><counter type="METHOD" missed="0" covered="1"/></method><method name="hasPermitAll" desc="(Z)Lcom/apiposture/core/models/AuthorizationInfo$Builder;" line="214"><counter type="INSTRUCTION" missed="0" covered="5"/><counter type="LINE" missed="0" covered="2"/><counter type="COMPLEXITY" missed="0" covered="1"/><counter type="METHOD" missed="0" covered="1"/></method><method name="hasDenyAll" desc="(Z)Lcom/apiposture/core/models/AuthorizationInfo$Builder;" line="219"><counter type="INSTRUCTION" missed="0" covered="5"/><counter type="LINE" missed="0" covered="2"/><counter type="COMPLEXITY" missed="0" covered="1"/><counter type="METHOD" missed="0" covered="1"/></method><method name="isAuthenticated" desc="(Z)Lcom/apiposture/core/models/AuthorizationInfo$Builder;" line="224"><counter type="INSTRUCTION" missed="0" covered="5"/><counter type="LINE" missed="0" covered="2"/><counter type="COMPLEXITY" missed="0" covered="1"/><counter type="METHOD" missed="0" covered="1"/></method><method name="roles" desc="(Ljava/util/Set;)Lcom/apiposture/core/models/AuthorizationInfo$Builder;" line="229"><counter type="INSTRUCTION" missed="0" covered="8"/><counter type="LINE" missed="0" covered="2"/><counter type="COMPLEXITY" missed="0" covered="1"/><counter type="METHOD" missed="0" covered="1"/></method><method name="addRole" desc="(Ljava/lang/String;)Lcom/apiposture/core/models/AuthorizationInfo$Builder;" line="234"><counter type="INSTRUCTION" missed="7" covered="0"/><counter type="LINE" missed="2" covered="0"/><counter type="COMPLEXITY" missed="1" covered="0"/><counter type="METHOD" missed="1" covered="0"/></method><method name="authorities" desc="(Ljava/util/Set;)Lcom/apiposture/core/models/AuthorizationInfo$Builder;" line="239"><counter type="INSTRUCTION" missed="0" covered="8"/><counter type="LINE" missed="0" covered="2"/><counter type="COMPLEXITY" missed="0" covered="1"/><counter type="METHOD" missed="0" covered="1"/></method><method name="addAuthority" desc="(Ljava/lang/String;)Lcom/apiposture/core/models/AuthorizationInfo$Builder;" line="244"><counter type="INSTRUCTION" missed="7" covered="0"/><counter type="LINE" missed="2" covered="0"/><counter type="COMPLEXITY" missed="1" covered="0"/><counter type="METHOD" missed="1" covered="0"/></method><method name="preAuthorizeExpression" desc="(Ljava/lang/String;)Lcom/apiposture/core/models/AuthorizationInfo$Builder;" line="249"><counter type="INSTRUCTION" missed="0" covered="5"/><counter type="LINE" missed="0" covered="2"/><counter type="COMPLEXITY" missed="0" covered="1"/><counter type="METHOD" missed="0" covered="1"/></method><method name="inheritedFrom" desc="(Ljava/lang/String;)Lcom/apiposture/core/models/AuthorizationInfo$Builder;" line="254"><counter type="INSTRUCTION" missed="5" covered="0"/><counter type="LINE" missed="2" covered="0"/><counter type="COMPLEXITY" missed="1" covered="0"/><counter type="METHOD" missed="1" covered="0"/></method><method name="build" desc="()Lcom/apiposture/core/models/AuthorizationInfo;" line="259"><counter type="INSTRUCTION" missed="0" covered="5"/><counter type="LINE" missed="0" covered="1"/><counter type="COMPLEXITY" missed="0" covered="1"/><counter type="METHOD" missed="0" covered="1"/></method><counter type="INSTRUCTION" missed="19" covered="59"/><counter type="LINE" missed="6" covered="18"/><counter type="COMPLEXITY" missed="3" covered="9"/><counter type="METHOD" missed="3" covered="9"/><counter type="CLASS" missed="0" covered="1"/></class><class name="com/apiposture/core/models/HttpMethod" sourcefilename="HttpMethod.java"><method name="isWriteMethod" desc="()Z" line="32"><counter type="INSTRUCTION" missed="4" covered="0"/><counter type="LINE" missed="1" covered="0"/><counter type="COMPLEXITY" missed="1" covered="0"/><counter type="METHOD" missed="1" covered="0"/></method><method name="isReadMethod" desc="()Z" line="39"><counter type="INSTRUCTION" missed="4" covered="0"/><counter type="LINE" missed="1" covered="0"/><counter type="COMPLEXITY" missed="1" covered="0"/><counter type="METHOD" missed="1" covered="0"/></method><method name="fromAnnotationName" desc="(Ljava/lang/String;)Lcom/apiposture/core/models/HttpMethod;" line="47"><counter type="INSTRUCTION" missed="16" covered="0"/><counter type="BRANCH" missed="2" covered="0"/><counter type="LINE" missed="6" covered="0"/><counter type="COMPLEXITY" missed="2" covered="0"/><counter type="METHOD" missed="1" covered="0"/></method><method name="&lt;clinit&gt;" desc="()V" line="9"><counter type="INSTRUCTION" missed="0" covered="56"/><counter type="LINE" missed="0" covered="10"/><counter type="COMPLEXITY" missed="0" covered="1"/><counter type="METHOD" missed="0" covered="1"/></method><counter type="INSTRUCTION" missed="24" covered="56"/><counter type="BRANCH" missed="2" covered="0"/><counter type="LINE" missed="8" covered="10"/><counter type="COMPLEXITY" missed="4" covered="1"/><counter type="METHOD" missed="3" covered="1"/><counter type="CLASS" missed="0" covered="1"/></class><class name="com/apiposture/core/models/SecurityClassification" sourcefilename="SecurityClassification.java"><method name="isPublic" desc="()Z" line="31"><counter type="INSTRUCTION" missed="7" covered="0"/><counter type="BRANCH" missed="2" covered="0"/><counter type="LINE" missed="1" covered="0"/><counter type="COMPLEXITY" missed="2" covered="0"/><counter type="METHOD" missed="1" covered="0"/></method><method name="requiresAuthorization" desc="()Z" line="38"><counter type="INSTRUCTION" missed="7" covered="0"/><counter type="BRANCH" missed="2" covered="0"/><counter type="LINE" missed="1" covered="0"/><counter type="COMPLEXITY" missed="2" covered="0"/><counter type="METHOD" missed="1" covered="0"/></method><method name="fromString" desc="(Ljava/lang/String;)Lcom/apiposture/core/models/SecurityClassification;" line="46"><counter type="INSTRUCTION" missed="19" covered="0"/><counter type="BRANCH" missed="4" covered="0"/><counter type="LINE" missed="6" covered="0"/><counter type="COMPLEXITY" missed="3" covered="0"/><counter type="METHOD" missed="1" covered="0"/></method><method name="&lt;clinit&gt;" desc="()V" line="6"><counter type="INSTRUCTION" missed="27" covered="0"/><counter type="LINE" missed="5" covered="0"/><counter type="COMPLEXITY" missed="1" covered="0"/><counter type="METHOD" missed="1" covered="0"/></method><counter type="INSTRUCTION" missed="60" covered="0"/><counter type="BRANCH" missed="8" covered="0"/><counter type="LINE" missed="13" covered="0"/><counter type="COMPLEXITY" missed="8" covered="0"/><counter type="METHOD" missed="4" covered="0"/><counter type="CLASS" missed="1" covered="0"/></class><class name="com/apiposture/core/models/Finding" sourcefilename="Finding.java"><method name="&lt;init&gt;" desc="(Ljava/lang/String;Ljava/lang/String;Lcom/apiposture/core/models/Severity;Ljava/lang/String;Lcom/apiposture/core/models/Endpoint;Ljava/lang/String;)V" line="8"><counter type="INSTRUCTION" missed="21" covered="0"/><counter type="LINE" missed="1" covered="0"/><counter type="COMPLEXITY" missed="1" covered="0"/><counter type="METHOD" missed="1" covered="0"/></method><method name="getLocationString" desc="()Ljava/lang/String;" line="20"><counter type="INSTRUCTION" missed="14" covered="0"/><counter type="BRANCH" missed="4" covered="0"/><counter type="LINE" missed="3" covered="0"/><counter type="COMPLEXITY" missed="3" covered="0"/><counter type="METHOD" missed="1" covered="0"/></method><method name="getIdentifier" desc="()Ljava/lang/String;" line="30"><counter type="INSTRUCTION" missed="15" covered="0"/><counter type="LINE" missed="1" covered="0"/><counter type="COMPLEXITY" missed="1" covered="0"/><counter type="METHOD" missed="1" covered="0"/></method><method name="builder" desc="()Lcom/apiposture/core/models/Finding$Builder;" line="37"><counter type="INSTRUCTION" missed="4" covered="0"/><counter type="LINE" missed="1" covered="0"/><counter type="COMPLEXITY" missed="1" covered="0"/><counter type="METHOD" missed="1" covered="0"/></method><counter type="INSTRUCTION" missed="54" covered="0"/><counter type="BRANCH" missed="4" covered="0"/><counter type="LINE" missed="6" covered="0"/><counter type="COMPLEXITY" missed="6" covered="0"/><counter type="METHOD" missed="4" covered="0"/><counter type="CLASS" missed="1" covered="0"/></class><class name="com/apiposture/core/models/Finding$Builder" sourcefilename="Finding.java"><method name="&lt;init&gt;" desc="()V" line="40"><counter type="INSTRUCTION" missed="6" covered="0"/><counter type="LINE" missed="2" covered="0"/><counter type="COMPLEXITY" missed="1" covered="0"/><counter type="METHOD" missed="1" covered="0"/></method><method name="ruleId" desc="(Ljava/lang/String;)Lcom/apiposture/core/models/Finding$Builder;" line="49"><counter type="INSTRUCTION" missed="5" covered="0"/><counter type="LINE" missed="2" covered="0"/><counter type="COMPLEXITY" missed="1" covered="0"/><counter type="METHOD" missed="1" covered="0"/></method><method name="ruleName" desc="(Ljava/lang/String;)Lcom/apiposture/core/models/Finding$Builder;" line="54"><counter type="INSTRUCTION" missed="5" covered="0"/><counter type="LINE" missed="2" covered="0"/><counter type="COMPLEXITY" missed="1" covered="0"/><counter type="METHOD" missed="1" covered="0"/></method><method name="severity" desc="(Lcom/apiposture/core/models/Severity;)Lcom/apiposture/core/models/Finding$Builder;" line="59"><counter type="INSTRUCTION" missed="5" covered="0"/><counter type="LINE" missed="2" covered="0"/><counter type="COMPLEXITY" missed="1" covered="0"/><counter type="METHOD" missed="1" covered="0"/></method><method name="message" desc="(Ljava/lang/String;)Lcom/apiposture/core/models/Finding$Builder;" line="64"><counter type="INSTRUCTION" missed="5" covered="0"/><counter type="LINE" missed="2" covered="0"/><counter type="COMPLEXITY" missed="1" covered="0"/><counter type="METHOD" missed="1" covered="0"/></method><method name="endpoint" desc="(Lcom/apiposture/core/models/Endpoint;)Lcom/apiposture/core/models/Finding$Builder;" line="69"><counter type="INSTRUCTION" missed="5" covered="0"/><counter type="LINE" missed="2" covered="0"/><counter type="COMPLEXITY" missed="1" covered="0"/><counter type="METHOD" missed="1" covered="0"/></method><method name="recommendation" desc="(Ljava/lang/String;)Lcom/apiposture/core/models/Finding$Builder;" line="74"><counter type="INSTRUCTION" missed="5" covered="0"/><counter type="LINE" missed="2" covered="0"/><counter type="COMPLEXITY" missed="1" covered="0"/><counter type="METHOD" missed="1" covered="0"/></method><method name="build" desc="()Lcom/apiposture/core/models/Finding;" line="79"><counter type="INSTRUCTION" missed="16" covered="0"/><counter type="LINE" missed="1" covered="0"/><counter type="COMPLEXITY" missed="1" covered="0"/><counter type="METHOD" missed="1" covered="0"/></method><counter type="INSTRUCTION" missed="52" covered="0"/><counter type="LINE" missed="15" covered="0"/><counter type="COMPLEXITY" missed="8" covered="0"/><counter type="METHOD" missed="8" covered="0"/><counter type="CLASS" missed="1" covered="0"/></class><class name="com/apiposture/core/models/Endpoint" sourcefilename="Endpoint.java"><method name="&lt;init&gt;" desc="(Ljava/lang/String;Ljava/util/Set;Lcom/apiposture/core/models/EndpointType;Ljava/lang/String;Ljava/lang/String;Lcom/apiposture/core/models/SourceLocation;Lcom/apiposture/core/models/AuthorizationInfo;)V" line="28"><counter type="INSTRUCTION" missed="11" covered="0"/><counter type="LINE" missed="2" covered="0"/><counter type="COMPLEXITY" missed="1" covered="0"/><counter type="METHOD" missed="1" covered="0"/></method><method name="&lt;init&gt;" desc="(Ljava/lang/String;Ljava/util/Set;Lcom/apiposture/core/models/EndpointType;Ljava/lang/String;Ljava/lang/String;Lcom/apiposture/core/models/SourceLocation;Lcom/apiposture/core/models/AuthorizationInfo;Lcom/apiposture/core/models/SecurityClassification;)V" line="12"><counter type="INSTRUCTION" missed="0" covered="27"/><counter type="LINE" missed="0" covered="1"/><counter type="COMPLEXITY" missed="0" covered="1"/><counter type="METHOD" missed="0" covered="1"/></method><method name="hasWriteMethods" desc="()Z" line="35"><counter type="INSTRUCTION" missed="6" covered="0"/><counter type="LINE" missed="1" covered="0"/><counter type="COMPLEXITY" missed="1" covered="0"/><counter type="METHOD" missed="1" covered="0"/></method><method name="hasReadMethods" desc="()Z" line="42"><counter type="INSTRUCTION" missed="6" covered="0"/><counter type="LINE" missed="1" covered="0"/><counter type="COMPLEXITY" missed="1" covered="0"/><counter type="METHOD" missed="1" covered="0"/></method><method name="isPublic" desc="()Z" line="49"><counter type="INSTRUCTION" missed="8" covered="0"/><counter type="BRANCH" missed="2" covered="0"/><counter type="LINE" missed="1" covered="0"/><counter type="COMPLEXITY" missed="2" covered="0"/><counter type="METHOD" missed="1" covered="0"/></method><method name="getIdentifier" desc="()Ljava/lang/String;" line="56"><counter type="INSTRUCTION" missed="15" covered="0"/><counter type="LINE" missed="1" covered="0"/><counter type="COMPLEXITY" missed="1" covered="0"/><counter type="METHOD" missed="1" covered="0"/></method><method name="formatMethods" desc="()Ljava/lang/String;" line="63"><counter type="INSTRUCTION" missed="18" covered="0"/><counter type="BRANCH" missed="2" covered="0"/><counter type="LINE" missed="7" covered="0"/><counter type="COMPLEXITY" missed="2" covered="0"/><counter type="METHOD" missed="1" covered="0"/></method><method name="withClassification" desc="(Lcom/apiposture/core/models/SecurityClassification;)Lcom/apiposture/core/models/Endpoint;" line="77"><counter type="INSTRUCTION" missed="19" covered="0"/><counter type="LINE" missed="1" covered="0"/><counter type="COMPLEXITY" missed="1" covered="0"/><counter type="METHOD" missed="1" covered="0"/></method><method name="withAuthorization" desc="(Lcom/apiposture/core/models/AuthorizationInfo;)Lcom/apiposture/core/models/Endpoint;" line="85"><counter type="INSTRUCTION" missed="19" covered="0"/><counter type="LINE" missed="1" covered="0"/><counter type="COMPLEXITY" missed="1" covered="0"/><counter type="METHOD" missed="1" covered="0"/></method><method name="builder" desc="()Lcom/apiposture/core/models/Endpoint$Builder;" line="93"><counter type="INSTRUCTION" missed="0" covered="4"/><counter type="LINE" missed="0" covered="1"/><counter type="COMPLEXITY" missed="0" covered="1"/><counter type="METHOD" missed="0" covered="1"/></method><method name="lambda$formatMethods$0" desc="(Ljava/lang/String;Ljava/lang/String;)Ljava/lang/String;" line="69"><counter type="INSTRUCTION" missed="4" covered="0"/><counter type="LINE" missed="1" covered="0"/><counter type="COMPLEXITY" missed="1" covered="0"/><counter type="METHOD" missed="1" covered="0"/></method><counter type="INSTRUCTION" missed="106" covered="31"/><counter type="BRANCH" missed="4" covered="0"/><counter type="LINE" missed="15" covered="2"/><counter type="COMPLEXITY" missed="11" covered="2"/><counter type="METHOD" missed="9" covered="2"/><counter type="CLASS" missed="0" covered="1"/></class><class name="com/apiposture/core/models/ScanResult" sourcefilename="ScanResult.java"><method name="&lt;init&gt;" desc="(Ljava/lang/String;Ljava/util/List;Ljava/util/List;ILjava/time/Duration;)V" line="25"><counter type="INSTRUCTION" missed="9" covered="0"/><counter type="LINE" missed="2" covered="0"/><counter type="COMPLEXITY" missed="1" covered="0"/><counter type="METHOD" missed="1" covered="0"/></method><method name="&lt;init&gt;" desc="(Ljava/lang/String;Ljava/util/List;Ljava/util/List;ILjava/time/Duration;Ljava/time/Instant;)V" line="12"><counter type="INSTRUCTION" missed="21" covered="0"/><counter type="LINE" missed="1" covered="0"/><counter type="COMPLEXITY" missed="1" covered="0"/><counter type="METHOD" missed="1" covered="0"/></method><method name="getFindingsBySeverity" desc="()Ljava/util/Map;" line="32"><counter type="INSTRUCTION" missed="50" covered="0"/><counter type="BRANCH" missed="4" covered="0"/><counter type="LINE" missed="7" covered="0"/><counter type="COMPLEXITY" missed="3" covered="0"/><counter type="METHOD" missed="1" covered="0"/></method><method name="getSeverityCounts" desc="()Ljava/util/Map;" line="46"><counter type="INSTRUCTION" missed="49" covered="0"/><counter type="BRANCH" missed="4" covered="0"/><counter type="LINE" missed="7" covered="0"/><counter type="COMPLEXITY" missed="3" covered="0"/><counter type="METHOD" missed="1" covered="0"/></method><method name="getEndpointsByClassification" desc="()Ljava/util/Map;" line="60"><counter type="INSTRUCTION" missed="53" covered="0"/><counter type="BRANCH" missed="6" covered="0"/><counter type="LINE" missed="8" covered="0"/><counter type="COMPLEXITY" missed="4" covered="0"/><counter type="METHOD" missed="1" covered="0"/></method><method name="hasFindings" desc="(Lcom/apiposture/core/models/Severity;)Z" line="76"><counter type="INSTRUCTION" missed="7" covered="0"/><counter type="LINE" missed="2" covered="0"/><counter type="COMPLEXITY" missed="1" covered="0"/><counter type="METHOD" missed="1" covered="0"/></method><method name="getHighestSeverity" desc="()Ljava/util/Optional;" line="84"><counter type="INSTRUCTION" missed="9" covered="0"/><counter type="LINE" missed="3" covered="0"/><counter type="COMPLEXITY" missed="1" covered="0"/><counter type="METHOD" missed="1" covered="0"/></method><method name="getTotalFindings" desc="()I" line="93"><counter type="INSTRUCTION" missed="4" covered="0"/><counter type="LINE" missed="1" covered="0"/><counter type="COMPLEXITY" missed="1" covered="0"/><counter type="METHOD" missed="1" covered="0"/></method><method name="getTotalEndpoints" desc="()I" line="100"><counter type="INSTRUCTION" missed="4" covered="0"/><counter type="LINE" missed="1" covered="0"/><counter type="COMPLEXITY" missed="1" covered="0"/><counter type="METHOD" missed="1" covered="0"/></method><method name="builder" desc="()Lcom/apiposture/core/models/ScanResult$Builder;" line="107"><counter type="INSTRUCTION" missed="4" covered="0"/><counter type="LINE" missed="1" covered="0"/><counter type="COMPLEXITY" missed="1" covered="0"/><counter type="METHOD" missed="1" covered="0"/></method><method name="lambda$hasFindings$0" desc="(Lcom/apiposture/core/models/Severity;Lcom/apiposture/core/models/Finding;)Z" line="77"><counter type="INSTRUCTION" missed="5" covered="0"/><counter type="LINE" missed="1" covered="0"/><counter type="COMPLEXITY" missed="1" covered="0"/><counter type="METHOD" missed="1" covered="0"/></method><counter type="INSTRUCTION" missed="215" covered="0"/><counter type="BRANCH" missed="14" covered="0"/><counter type="LINE" missed="33" covered="0"/><counter type="COMPLEXITY" missed="18" covered="0"/><counter type="METHOD" missed="11" covered="0"/><counter type="CLASS" missed="1" covered="0"/></class><class name="com/apiposture/core/models/Endpoint$Builder" sourcefilename="Endpoint.java"><method name="&lt;init&gt;" desc="()V" line="96"><counter type="INSTRUCTION" missed="0" covered="13"/><counter type="LINE" missed="0" covered="4"/><counter type="COMPLEXITY" missed="0" covered="1"/><counter type="METHOD" missed="0" covered="1"/></method><method name="route" desc="(Ljava/lang/String;)Lcom/apiposture/core/models/Endpoint$Builder;" line="107"><counter type="INSTRUCTION" missed="0" covered="5"/><counter type="LINE" missed="0" covered="2"/><counter type="COMPLEXITY" missed="0" covered="1"/><counter type="METHOD" missed="0" covered="1"/></method><method name="methods" desc="(Ljava/util/Set;)Lcom/apiposture/core/models/Endpoint$Builder;" line="112"><counter type="INSTRUCTION" missed="0" covered="6"/><counter type="LINE" missed="0" covered="2"/><counter type="COMPLEXITY" missed="0" covered="1"/><counter type="METHOD" missed="0" covered="1"/></method><method name="method" desc="(Lcom/apiposture/core/models/HttpMethod;)Lcom/apiposture/core/models/Endpoint$Builder;" line="117"><counter type="INSTRUCTION" missed="7" covered="0"/><counter type="LINE" missed="2" covered="0"/><counter type="COMPLEXITY" missed="1" covered="0"/><counter type="METHOD" missed="1" covered="0"/></method><method name="type" desc="(Lcom/apiposture/core/models/EndpointType;)Lcom/apiposture/core/models/Endpoint$Builder;" line="122"><counter type="INSTRUCTION" missed="0" covered="5"/><counter type="LINE" missed="0" covered="2"/><counter type="COMPLEXITY" missed="0" covered="1"/><counter type="METHOD" missed="0" covered="1"/></method><method name="controllerName" desc="(Ljava/lang/String;)Lcom/apiposture/core/models/Endpoint$Builder;" line="127"><counter type="INSTRUCTION" missed="0" covered="5"/><counter type="LINE" missed="0" covered="2"/><counter type="COMPLEXITY" missed="0" covered="1"/><counter type="METHOD" missed="0" covered="1"/></method><method name="methodName" desc="(Ljava/lang/String;)Lcom/apiposture/core/models/Endpoint$Builder;" line="132"><counter type="INSTRUCTION" missed="0" covered="5"/><counter type="LINE" missed="0" covered="2"/><counter type="COMPLEXITY" missed="0" covered="1"/><counter type="METHOD" missed="0" covered="1"/></method><method name="location" desc="(Lcom/apiposture/core/models/SourceLocation;)Lcom/apiposture/core/models/Endpoint$Builder;" line="137"><counter type="INSTRUCTION" missed="0" covered="5"/><counter type="LINE" missed="0" covered="2"/><counter type="COMPLEXITY" missed="0" covered="1"/><counter type="METHOD" missed="0" covered="1"/></method><method name="authorization" desc="(Lcom/apiposture/core/models/AuthorizationInfo;)Lcom/apiposture/core/models/Endpoint$Builder;" line="142"><counter type="INSTRUCTION" missed="0" covered="8"/><counter type="LINE" missed="0" covered="2"/><counter type="COMPLEXITY" missed="0" covered="1"/><counter type="METHOD" missed="0" covered="1"/></method><method name="classification" desc="(Lcom/apiposture/core/models/SecurityClassification;)Lcom/apiposture/core/models/Endpoint$Builder;" line="147"><counter type="INSTRUCTION" missed="5" covered="0"/><counter type="LINE" missed="2" covered="0"/><counter type="COMPLEXITY" missed="1" covered="0"/><counter type="METHOD" missed="1" covered="0"/></method><method name="build" desc="()Lcom/apiposture/core/models/Endpoint;" line="152"><counter type="INSTRUCTION" missed="0" covered="20"/><counter type="LINE" missed="0" covered="1"/><counter type="COMPLEXITY" missed="0" covered="1"/><counter type="METHOD" missed="0" covered="1"/></method><counter type="INSTRUCTION" missed="12" covered="72"/><counter type="LINE" missed="4" covered="19"/><counter type="COMPLEXITY" missed="2" covered="9"/><counter type="METHOD" missed="2" covered="9"/><counter type="CLASS" missed="0" covered="1"/></class><sourcefile name="SourceLocation.java"><line nr="8" mi="0" ci="12" mb="0" cb="0"/><line nr="17" mi="0" ci="5" mb="0" cb="0"/><line nr="18" mi="0" ci="1" mb="0" cb="0"/><line nr="25" mi="3" ci="0" mb="2" cb="0"/><line nr="26" mi="22" ci="0" mb="0" cb="0"/><line nr="28" mi="16" ci="0" mb="0" cb="0"/><line nr="35" mi="5" ci="0" mb="4" cb="0"/><line nr="36" mi="3" ci="0" mb="0" cb="0"/><line nr="38" mi="5" ci="0" mb="2" cb="0"/><line nr="39" mi="6" ci="0" mb="0" cb="0"/><line nr="40" mi="8" ci="0" mb="4" cb="0"/><line nr="41" mi="4" ci="0" mb="0" cb="0"/><line nr="43" mi="2" ci="0" mb="0" cb="0"/><line nr="45" mi="3" ci="0" mb="0" cb="0"/><counter type="INSTRUCTION" missed="77" covered="18"/><counter type="BRANCH" missed="12" covered="0"/><counter type="LINE" missed="11" covered="3"/><counter type="COMPLEXITY" missed="8" covered="2"/><counter type="METHOD" missed="2" covered="2"/><counter type="CLASS" missed="0" covered="1"/></sourcefile><sourcefile name="Finding.java"><line nr="8" mi="21" ci="0" mb="0" cb="0"/><line nr="20" mi="7" ci="0" mb="4" cb="0"/><line nr="21" mi="2" ci="0" mb="0" cb="0"/><line nr="23" mi="5" ci="0" mb="0" cb="0"/><line nr="30" mi="15" ci="0" mb="0" cb="0"/><line nr="37" mi="4" ci="0" mb="0" cb="0"/><line nr="40" mi="2" ci="0" mb="0" cb="0"/><line nr="43" mi="4" ci="0" mb="0" cb="0"/><line nr="49" mi="3" ci="0" mb="0" cb="0"/><line nr="50" mi="2" ci="0" mb="0" cb="0"/><line nr="54" mi="3" ci="0" mb="0" cb="0"/><line nr="55" mi="2" ci="0" mb="0" cb="0"/><line nr="59" mi="3" ci="0" mb="0" cb="0"/><line nr="60" mi="2" ci="0" mb="0" cb="0"/><line nr="64" mi="3" ci="0" mb="0" cb="0"/><line nr="65" mi="2" ci="0" mb="0" cb="0"/><line nr="69" mi="3" ci="0" mb="0" cb="0"/><line nr="70" mi="2" ci="0" mb="0" cb="0"/><line nr="74" mi="3" ci="0" mb="0" cb="0"/><line nr="75" mi="2" ci="0" mb="0" cb="0"/><line nr="79" mi="16" ci="0" mb="0" cb="0"/><counter type="INSTRUCTION" missed="106" covered="0"/><counter type="BRANCH" missed="4" covered="0"/><counter type="LINE" missed="21" covered="0"/><counter type="COMPLEXITY" missed="14" covered="0"/><counter type="METHOD" missed="12" covered="0"/><counter type="CLASS" missed="2" covered="0"/></sourcefile><sourcefile name="ScanResult.java"><line nr="12" mi="21" ci="0" mb="0" cb="0"/><line nr="25" mi="8" ci="0" mb="0" cb="0"/><line nr="26" mi="1" ci="0" mb="0" cb="0"/><line nr="32" mi="5" ci="0" mb="0" cb="0"/><line nr="33" mi="16" ci="0" mb="2" cb="0"/><line nr="34" mi="7" ci="0" mb="0" cb="0"/><line nr="36" mi="11" ci="0" mb="2" cb="0"/><line nr="37" mi="8" ci="0" mb="0" cb="0"/><line nr="38" mi="1" ci="0" mb="0" cb="0"/><line nr="39" mi="2" ci="0" mb="0" cb="0"/><line nr="46" mi="5" ci="0" mb="0" cb="0"/><line nr="47" mi="16" ci="0" mb="2" cb="0"/><line nr="48" mi="6" ci="0" mb="0" cb="0"/><line nr="50" mi="11" ci="0" mb="2" cb="0"/><line nr="51" mi="8" ci="0" mb="0" cb="0"/><line nr="52" mi="1" ci="0" mb="0" cb="0"/><line nr="53" mi="2" ci="0" mb="0" cb="0"/><line nr="60" mi="5" ci="0" mb="0" cb="0"/><line nr="61" mi="16" ci="0" mb="2" cb="0"/><line nr="62" mi="7" ci="0" mb="0" cb="0"/><line nr="64" mi="11" ci="0" mb="2" cb="0"/><line nr="65" mi="3" ci="0" mb="2" cb="0"/><line nr="66" mi="8" ci="0" mb="0" cb="0"/><line nr="68" mi="1" ci="0" mb="0" cb="0"/><line nr="69" mi="2" ci="0" mb="0" cb="0"/><line nr="76" mi="6" ci="0" mb="0" cb="0"/><line nr="77" mi="6" ci="0" mb="0" cb="0"/><line nr="84" mi="5" ci="0" mb="0" cb="0"/><line nr="85" mi="2" ci="0" mb="0" cb="0"/><line nr="86" mi="2" ci="0" mb="0" cb="0"/><line nr="93" mi="4" ci="0" mb="0" cb="0"/><line nr="100" mi="4" ci="0" mb="0" cb="0"/><line nr="107" mi="4" ci="0" mb="0" cb="0"/><line nr="110" mi="2" ci="0" mb="0" cb="0"/><line nr="112" mi="5" ci="0" mb="0" cb="0"/><line nr="113" mi="5" ci="0" mb="0" cb="0"/><line nr="116" mi="4" ci="0" mb="0" cb="0"/><line nr="119" mi="3" ci="0" mb="0" cb="0"/><line nr="120" mi="2" ci="0" mb="0" cb="0"/><line nr="124" mi="6" ci="0" mb="0" cb="0"/><line nr="125" mi="2" ci="0" mb="0" cb="0"/><line nr="129" mi="5" ci="0" mb="0" cb="0"/><line nr="130" mi="2" ci="0" mb="0" cb="0"/><line nr="134" mi="6" ci="0" mb="0" cb="0"/><line nr="135" mi="2" ci="0" mb="0" cb="0"/><line nr="139" mi="5" ci="0" mb="0" cb="0"/><line nr="140" mi="2" ci="0" mb="0" cb="0"/><line nr="144" mi="3" ci="0" mb="0" cb="0"/><line nr="145" mi="2" ci="0" mb="0" cb="0"/><line nr="149" mi="3" ci="0" mb="0" cb="0"/><line nr="150" mi="2" ci="0" mb="0" cb="0"/><line nr="154" mi="3" ci="0" mb="0" cb="0"/><line nr="155" mi="2" ci="0" mb="0" cb="0"/><line nr="159" mi="16" ci="0" mb="0" cb="0"/><counter type="INSTRUCTION" missed="297" covered="0"/><counter type="BRANCH" missed="14" covered="0"/><counter type="LINE" missed="54" covered="0"/><counter type="COMPLEXITY" missed="28" covered="0"/><counter type="METHOD" missed="21" covered="0"/><counter type="CLASS" missed="2" covered="0"/></sourcefile><sourcefile name="HttpMethod.java"><line nr="9" mi="0" ci="2" mb="0" cb="0"/><line nr="10" mi="0" ci="6" mb="0" cb="0"/><line nr="11" mi="0" ci="6" mb="0" cb="0"/><line nr="12" mi="0" ci="6" mb="0" cb="0"/><line nr="13" mi="0" ci="6" mb="0" cb="0"/><line nr="14" mi="0" ci="6" mb="0" cb="0"/><line nr="15" mi="0" ci="6" mb="0" cb="0"/><line nr="16" mi="0" ci="6" mb="0" cb="0"/><line nr="21" mi="0" ci="6" mb="0" cb="0"/><line nr="26" mi="0" ci="6" mb="0" cb="0"/><line nr="32" mi="4" ci="0" mb="0" cb="0"/><line nr="39" mi="4" ci="0" mb="0" cb="0"/><line nr="47" mi="2" ci="0" mb="2" cb="0"/><line nr="48" mi="2" ci="0" mb="0" cb="0"/><line nr="50" mi="6" ci="0" mb="0" cb="0"/><line nr="52" mi="3" ci="0" mb="0" cb="0"/><line nr="53" mi="1" ci="0" mb="0" cb="0"/><line nr="54" mi="2" ci="0" mb="0" cb="0"/><counter type="INSTRUCTION" missed="24" covered="56"/><counter type="BRANCH" missed="2" covered="0"/><counter type="LINE" missed="8" covered="10"/><counter type="COMPLEXITY" missed="4" covered="1"/><counter type="METHOD" missed="3" covered="1"/><counter type="CLASS" missed="0" covered="1"/></sourcefile><sourcefile name="EndpointType.java"><line nr="6" mi="0" ci="3" mb="0" cb="0"/><line nr="10" mi="0" ci="6" mb="0" cb="0"/><line nr="15" mi="0" ci="6" mb="0" cb="0"/><counter type="INSTRUCTION" missed="0" covered="15"/><counter type="LINE" missed="0" covered="3"/><counter type="COMPLEXITY" missed="0" covered="1"/><counter type="METHOD" missed="0" covered="1"/><counter type="CLASS" missed="0" covered="1"/></sourcefile><sourcefile name="AuthorizationInfo.java"><line nr="39" mi="0" ci="2" mb="0" cb="0"/><line nr="40" mi="0" ci="4" mb="0" cb="0"/><line nr="41" mi="0" ci="4" mb="0" cb="0"/><line nr="42" mi="0" ci="4" mb="0" cb="0"/><line nr="43" mi="0" ci="4" mb="0" cb="0"/><line nr="44" mi="0" ci="8" mb="0" cb="0"/><line nr="45" mi="0" ci="8" mb="0" cb="0"/><line nr="46" mi="0" ci="4" mb="0" cb="0"/><line nr="47" mi="0" ci="4" mb="0" cb="0"/><line nr="48" mi="0" ci="1" mb="0" cb="0"/><line nr="51" mi="0" ci="3" mb="0" cb="0"/><line nr="55" mi="0" ci="3" mb="0" cb="0"/><line nr="59" mi="0" ci="3" mb="0" cb="0"/><line nr="63" mi="0" ci="3" mb="0" cb="0"/><line nr="67" mi="0" ci="3" mb="0" cb="0"/><line nr="71" mi="0" ci="3" mb="0" cb="0"/><line nr="75" mi="3" ci="0" mb="0" cb="0"/><line nr="79" mi="3" ci="0" mb="0" cb="0"/><line nr="86" mi="2" ci="19" mb="5" cb="5"/><line nr="93" mi="3" ci="0" mb="0" cb="0"/><line nr="100" mi="11" ci="0" mb="4" cb="0"/><line nr="107" mi="0" ci="3" mb="0" cb="0"/><line nr="114" mi="0" ci="4" mb="0" cb="0"/><line nr="121" mi="6" ci="0" mb="0" cb="0"/><line nr="122" mi="3" ci="0" mb="0" cb="0"/><line nr="123" mi="3" ci="0" mb="0" cb="0"/><line nr="124" mi="3" ci="0" mb="0" cb="0"/><line nr="125" mi="3" ci="0" mb="0" cb="0"/><line nr="126" mi="3" ci="0" mb="0" cb="0"/><line nr="127" mi="3" ci="0" mb="0" cb="0"/><line nr="128" mi="3" ci="0" mb="0" cb="0"/><line nr="129" mi="1" ci="0" mb="0" cb="0"/><line nr="136" mi="0" ci="2" mb="1" cb="1"/><line nr="137" mi="2" ci="0" mb="0" cb="0"/><line nr="141" mi="0" ci="6" mb="2" cb="2"/><line nr="142" mi="2" ci="0" mb="0" cb="0"/><line nr="146" mi="0" ci="3" mb="1" cb="1"/><line nr="147" mi="2" ci="0" mb="0" cb="0"/><line nr="151" mi="0" ci="3" mb="1" cb="1"/><line nr="152" mi="4" ci="0" mb="0" cb="0"/><line nr="153" mi="1" ci="0" mb="0" cb="0"/><line nr="154" mi="1" ci="0" mb="0" cb="0"/><line nr="157" mi="0" ci="2" mb="0" cb="0"/><line nr="162" mi="5" ci="0" mb="2" cb="0"/><line nr="163" mi="9" ci="0" mb="4" cb="0"/><line nr="164" mi="3" ci="0" mb="0" cb="0"/><line nr="165" mi="25" ci="0" mb="8" cb="0"/><line nr="169" mi="6" ci="0" mb="2" cb="0"/><line nr="170" mi="6" ci="0" mb="2" cb="0"/><line nr="171" mi="6" ci="0" mb="2" cb="0"/><line nr="172" mi="5" ci="0" mb="2" cb="0"/><line nr="177" mi="48" ci="0" mb="0" cb="0"/><line nr="183" mi="20" ci="0" mb="0" cb="0"/><line nr="198" mi="0" ci="2" mb="0" cb="0"/><line nr="203" mi="0" ci="5" mb="0" cb="0"/><line nr="204" mi="0" ci="6" mb="0" cb="0"/><line nr="209" mi="0" ci="3" mb="0" cb="0"/><line nr="210" mi="0" ci="2" mb="0" cb="0"/><line nr="214" mi="0" ci="3" mb="0" cb="0"/><line nr="215" mi="0" ci="2" mb="0" cb="0"/><line nr="219" mi="0" ci="3" mb="0" cb="0"/><line nr="220" mi="0" ci="2" mb="0" cb="0"/><line nr="224" mi="0" ci="3" mb="0" cb="0"/><line nr="225" mi="0" ci="2" mb="0" cb="0"/><line nr="229" mi="0" ci="6" mb="0" cb="0"/><line nr="230" mi="0" ci="2" mb="0" cb="0"/><line nr="234" mi="5" ci="0" mb="0" cb="0"/><line nr="235" mi="2" ci="0" mb="0" cb="0"/><line nr="239" mi="0" ci="6" mb="0" cb="0"/><line nr="240" mi="0" ci="2" mb="0" cb="0"/><line nr="244" mi="5" ci="0" mb="0" cb="0"/><line nr="245" mi="2" ci="0" mb="0" cb="0"/><line nr="249" mi="0" ci="3" mb="0" cb="0"/><line nr="250" mi="0" ci="2" mb="0" cb="0"/><line nr="254" mi="3" ci="0" mb="0" cb="0"/><line nr="255" mi="2" ci="0" mb="0" cb="0"/><line nr="259" mi="0" ci="5" mb="0" cb="0"/><counter type="INSTRUCTION" missed="214" covered="162"/><counter type="BRANCH" missed="36" covered="10"/><counter type="LINE" missed="35" covered="42"/><counter type="COMPLEXITY" missed="34" covered="20"/><counter type="METHOD" missed="11" covered="20"/><counter type="CLASS" missed="0" covered="2"/></sourcefile><sourcefile name="SecurityClassification.java"><line nr="6" mi="3" ci="0" mb="0" cb="0"/><line nr="10" mi="6" ci="0" mb="0" cb="0"/><line nr="15" mi="6" ci="0" mb="0" cb="0"/><line nr="20" mi="6" ci="0" mb="0" cb="0"/><line nr="25" mi="6" ci="0" mb="0" cb="0"/><line nr="31" mi="7" ci="0" mb="2" cb="0"/><line nr="38" mi="7" ci="0" mb="2" cb="0"/><line nr="46" mi="5" ci="0" mb="4" cb="0"/><line nr="47" mi="2" ci="0" mb="0" cb="0"/><line nr="49" mi="6" ci="0" mb="0" cb="0"/><line nr="51" mi="3" ci="0" mb="0" cb="0"/><line nr="52" mi="1" ci="0" mb="0" cb="0"/><line nr="53" mi="2" ci="0" mb="0" cb="0"/><counter type="INSTRUCTION" missed="60" covered="0"/><counter type="BRANCH" missed="8" covered="0"/><counter type="LINE" missed="13" covered="0"/><counter type="COMPLEXITY" missed="8" covered="0"/><counter type="METHOD" missed="4" covered="0"/><counter type="CLASS" missed="1" covered="0"/></sourcefile><sourcefile name="Severity.java"><line nr="6" mi="3" ci="0" mb="0" cb="0"/><line nr="7" mi="7" ci="0" mb="0" cb="0"/><line nr="8" mi="7" ci="0" mb="0" cb="0"/><line nr="9" mi="7" ci="0" mb="0" cb="0"/><line nr="10" mi="7" ci="0" mb="0" cb="0"/><line nr="11" mi="7" ci="0" mb="0" cb="0"/><line nr="15" mi="4" ci="0" mb="0" cb="0"/><line nr="16" mi="3" ci="0" mb="0" cb="0"/><line nr="17" mi="1" ci="0" mb="0" cb="0"/><line nr="20" mi="3" ci="0" mb="0" cb="0"/><line nr="27" mi="9" ci="0" mb="2" cb="0"/><line nr="34" mi="5" ci="0" mb="4" cb="0"/><line nr="35" mi="2" ci="0" mb="0" cb="0"/><line nr="38" mi="4" ci="0" mb="0" cb="0"/><line nr="39" mi="1" ci="0" mb="0" cb="0"/><line nr="40" mi="2" ci="0" mb="0" cb="0"/><counter type="INSTRUCTION" missed="72" covered="0"/><counter type="BRANCH" missed="6" covered="0"/><counter type="LINE" missed="16" covered="0"/><counter type="COMPLEXITY" missed="8" covered="0"/><counter type="METHOD" missed="5" covered="0"/><counter type="CLASS" missed="1" covered="0"/></sourcefile><sourcefile name="Endpoint.java"><line nr="12" mi="0" ci="27" mb="0" cb="0"/><line nr="28" mi="10" ci="0" mb="0" cb="0"/><line nr="29" mi="1" ci="0" mb="0" cb="0"/><line nr="35" mi="6" ci="0" mb="0" cb="0"/><line nr="42" mi="6" ci="0" mb="0" cb="0"/><line nr="49" mi="8" ci="0" mb="2" cb="0"/><line nr="56" mi="15" ci="0" mb="0" cb="0"/><line nr="63" mi="4" ci="0" mb="2" cb="0"/><line nr="64" mi="2" ci="0" mb="0" cb="0"/><line nr="66" mi="5" ci="0" mb="0" cb="0"/><line nr="67" mi="1" ci="0" mb="0" cb="0"/><line nr="68" mi="2" ci="0" mb="0" cb="0"/><line nr="69" mi="6" ci="0" mb="0" cb="0"/><line nr="70" mi="2" ci="0" mb="0" cb="0"/><line nr="77" mi="19" ci="0" mb="0" cb="0"/><line nr="85" mi="19" ci="0" mb="0" cb="0"/><line nr="93" mi="0" ci="4" mb="0" cb="0"/><line nr="96" mi="0" ci="2" mb="0" cb="0"/><line nr="98" mi="0" ci="4" mb="0" cb="0"/><line nr="99" mi="0" ci="3" mb="0" cb="0"/><line nr="103" mi="0" ci="4" mb="0" cb="0"/><line nr="107" mi="0" ci="3" mb="0" cb="0"/><line nr="108" mi="0" ci="2" mb="0" cb="0"/><line nr="112" mi="0" ci="4" mb="0" cb="0"/><line nr="113" mi="0" ci="2" mb="0" cb="0"/><line nr="117" mi="5" ci="0" mb="0" cb="0"/><line nr="118" mi="2" ci="0" mb="0" cb="0"/><line nr="122" mi="0" ci="3" mb="0" cb="0"/><line nr="123" mi="0" ci="2" mb="0" cb="0"/><line nr="127" mi="0" ci="3" mb="0" cb="0"/><line nr="128" mi="0" ci="2" mb="0" cb="0"/><line nr="132" mi="0" ci="3" mb="0" cb="0"/><line nr="133" mi="0" ci="2" mb="0" cb="0"/><line nr="137" mi="0" ci="3" mb="0" cb="0"/><line nr="138" mi="0" ci="2" mb="0" cb="0"/><line nr="142" mi="0" ci="6" mb="0" cb="0"/><line nr="143" mi="0" ci="2" mb="0" cb="0"/><line nr="147" mi="3" ci="0" mb="0" cb="0"/><line nr="148" mi="2" ci="0" mb="0" cb="0"/><line nr="152" mi="0" ci="20" mb="0" cb="0"/><counter type="INSTRUCTION" missed="118" covered="103"/><counter type="BRANCH" missed="4" covered="0"/><counter type="LINE" missed="19" covered="21"/><counter type="COMPLEXITY" missed="13" covered="11"/><counter type="METHOD" missed="11" covered="11"/><counter type="CLASS" missed="0" covered="2"/></sourcefile><counter type="INSTRUCTION" missed="968" covered="354"/><counter type="BRANCH" missed="86" covered="10"/><counter type="LINE" missed="177" covered="79"/><counter type="COMPLEXITY" missed="117" covered="35"/><counter type="METHOD" missed="69" covered="35"/><counter type="CLASS" missed="6" covered="7"/></package><package name="com/apiposture/core/discovery"><class name="com/apiposture/core/discovery/EndpointDiscoverer" sourcefilename="EndpointDiscoverer.java"/><class name="com/apiposture/core/discovery/ControllerEndpointDiscoverer" sourcefilename="ControllerEndpointDiscoverer.java"><method name="&lt;init&gt;" desc="(Lcom/apiposture/core/authorization/AnnotationAuthorizationExtractor;)V" line="38"><counter type="INSTRUCTION" missed="0" covered="6"/><counter type="LINE" missed="0" covered="3"/><counter type="COMPLEXITY" missed="0" covered="1"/><counter type="METHOD" missed="0" covered="1"/></method><method name="discover" desc="(Lcom/github/javaparser/ast/CompilationUnit;Ljava/lang/String;)Ljava/util/List;" line="44"><counter type="INSTRUCTION" missed="0" covered="18"/><counter type="LINE" missed="0" covered="5"/><counter type="COMPLEXITY" missed="0" covered="1"/><counter type="METHOD" missed="0" covered="1"/></method><method name="isController" desc="(Lcom/github/javaparser/ast/body/ClassOrInterfaceDeclaration;)Z" line="71"><counter type="INSTRUCTION" missed="0" covered="6"/><counter type="LINE" missed="0" covered="2"/><counter type="COMPLEXITY" missed="0" covered="1"/><counter type="METHOD" missed="0" covered="1"/></method><method name="hasRequestMapping" desc="(Lcom/github/javaparser/ast/body/MethodDeclaration;)Z" line="79"><counter type="INSTRUCTION" missed="0" covered="6"/><counter type="LINE" missed="0" covered="2"/><counter type="COMPLEXITY" missed="0" covered="1"/><counter type="METHOD" missed="0" covered="1"/></method><method name="extractRequestMappingPath" desc="(Lcom/github/javaparser/ast/nodeTypes/NodeWithAnnotations;)Ljava/lang/String;" line="87"><counter type="INSTRUCTION" missed="0" covered="13"/><counter type="LINE" missed="0" covered="5"/><counter type="COMPLEXITY" missed="0" covered="1"/><counter type="METHOD" missed="0" covered="1"/></method><method name="extractPathFromAnnotation" desc="(Lcom/github/javaparser/ast/expr/AnnotationExpr;)Ljava/lang/String;" line="98"><counter type="INSTRUCTION" missed="0" covered="32"/><counter type="BRANCH" missed="0" covered="4"/><counter type="LINE" missed="0" covered="9"/><counter type="COMPLEXITY" missed="0" covered="3"/><counter type="METHOD" missed="0" covered="1"/></method><method name="extractStringValue" desc="(Lcom/github/javaparser/ast/expr/Expression;)Ljava/lang/String;" line="114"><counter type="INSTRUCTION" missed="19" covered="9"/><counter type="BRANCH" missed="3" covered="1"/><counter type="LINE" missed="6" covered="2"/><counter type="COMPLEXITY" missed="2" covered="1"/><counter type="METHOD" missed="0" covered="1"/></method><method name="extractHttpMethods" desc="(Lcom/github/javaparser/ast/body/MethodDeclaration;)Ljava/util/Set;" line="130"><counter type="INSTRUCTION" missed="4" covered="45"/><counter type="BRANCH" missed="2" covered="6"/><counter type="LINE" missed="1" covered="10"/><counter type="COMPLEXITY" missed="2" covered="3"/><counter type="METHOD" missed="0" covered="1"/></method><method name="extractMethodsFromRequestMapping" desc="(Lcom/github/javaparser/ast/expr/AnnotationExpr;)Ljava/util/Set;" line="157"><counter type="INSTRUCTION" missed="0" covered="21"/><counter type="BRANCH" missed="1" covered="1"/><counter type="LINE" missed="0" covered="7"/><counter type="COMPLEXITY" missed="1" covered="1"/><counter type="METHOD" missed="0" covered="1"/></method><method name="extractMethodFromExpression" desc="(Lcom/github/javaparser/ast/expr/Expression;Ljava/util/Set;)V" line="180"><counter type="INSTRUCTION" missed="15" covered="17"/><counter type="BRANCH" missed="3" covered="1"/><counter type="LINE" missed="4" covered="6"/><counter type="COMPLEXITY" missed="2" covered="1"/><counter type="METHOD" missed="0" covered="1"/></method><method name="createEndpoint" desc="(Lcom/github/javaparser/ast/body/ClassOrInterfaceDeclaration;Lcom/github/javaparser/ast/body/MethodDeclaration;Ljava/lang/String;Ljava/lang/String;Lcom/apiposture/core/models/AuthorizationInfo;Ljava/lang/String;)Lcom/apiposture/core/models/Endpoint;" line="204"><counter type="INSTRUCTION" missed="0" covered="54"/><counter type="LINE" missed="0" covered="17"/><counter type="COMPLEXITY" missed="0" covered="1"/><counter type="METHOD" missed="0" covered="1"/></method><method name="buildRoute" desc="(Ljava/lang/String;Ljava/lang/String;)Ljava/lang/String;" line="231"><counter type="INSTRUCTION" missed="2" covered="30"/><counter type="BRANCH" missed="1" covered="7"/><counter type="LINE" missed="1" covered="8"/><counter type="COMPLEXITY" missed="1" covered="4"/><counter type="METHOD" missed="0" covered="1"/></method><method name="normalizePath" desc="(Ljava/lang/String;)Ljava/lang/String;" line="250"><counter type="INSTRUCTION" missed="2" covered="27"/><counter type="BRANCH" missed="1" covered="5"/><counter type="LINE" missed="1" covered="7"/><counter type="COMPLEXITY" missed="1" covered="3"/><counter type="METHOD" missed="0" covered="1"/></method><method name="lambda$createEndpoint$10" desc="(Lcom/github/javaparser/Position;)Ljava/lang/Integer;" line="213"><counter type="INSTRUCTION" missed="0" covered="4"/><counter type="LINE" missed="0" covered="1"/><counter type="COMPLEXITY" missed="0" covered="1"/><counter type="METHOD" missed="0" covered="1"/></method><method name="lambda$extractMethodsFromRequestMapping$9" desc="(Ljava/util/Set;Lcom/github/javaparser/ast/expr/MemberValuePair;)V" line="164"><counter type="INSTRUCTION" missed="10" covered="11"/><counter type="BRANCH" missed="1" covered="1"/><counter type="LINE" missed="1" covered="4"/><counter type="COMPLEXITY" missed="1" covered="1"/><counter type="METHOD" missed="0" covered="1"/></method><method name="lambda$extractMethodsFromRequestMapping$8" desc="(Ljava/util/Set;Lcom/github/javaparser/ast/expr/Expression;)V" line="166"><counter type="INSTRUCTION" missed="5" covered="0"/><counter type="LINE" missed="1" covered="0"/><counter type="COMPLEXITY" missed="1" covered="0"/><counter type="METHOD" missed="1" covered="0"/></method><method name="lambda$extractMethodsFromRequestMapping$7" desc="(Lcom/github/javaparser/ast/expr/MemberValuePair;)Z" line="161"><counter type="INSTRUCTION" missed="0" covered="5"/><counter type="LINE" missed="0" covered="1"/><counter type="COMPLEXITY" missed="0" covered="1"/><counter type="METHOD" missed="0" covered="1"/></method><method name="lambda$extractPathFromAnnotation$6" desc="(Lcom/github/javaparser/ast/expr/MemberValuePair;)Ljava/lang/String;" line="104"><counter type="INSTRUCTION" missed="0" covered="5"/><counter type="LINE" missed="0" covered="1"/><counter type="COMPLEXITY" missed="0" covered="1"/><counter type="METHOD" missed="0" covered="1"/></method><method name="lambda$extractPathFromAnnotation$5" desc="(Lcom/github/javaparser/ast/expr/MemberValuePair;)Z" line="102"><counter type="INSTRUCTION" missed="6" covered="8"/><counter type="BRANCH" missed="3" covered="1"/><counter type="LINE" missed="0" covered="1"/><counter type="COMPLEXITY" missed="2" covered="1"/><counter type="METHOD" missed="0" covered="1"/></method><method name="lambda$extractRequestMappingPath$4" desc="(Lcom/github/javaparser/ast/expr/AnnotationExpr;)Z" line="88"><counter type="INSTRUCTION" missed="0" covered="5"/><counter type="LINE" missed="0" covered="1"/><counter type="COMPLEXITY" missed="0" covered="1"/><counter type="METHOD" missed="0" covered="1"/></method><method name="lambda$hasRequestMapping$3" desc="(Lcom/github/javaparser/ast/expr/AnnotationExpr;)Z" line="80"><counter type="INSTRUCTION" missed="0" covered="5"/><counter type="LINE" missed="0" covered="1"/><counter type="COMPLEXITY" missed="0" covered="1"/><counter type="METHOD" missed="0" covered="1"/></method><method name="lambda$isController$2" desc="(Lcom/github/javaparser/ast/expr/AnnotationExpr;)Z" line="72"><counter type="INSTRUCTION" missed="0" covered="5"/><counter type="LINE" missed="0" covered="1"/><counter type="COMPLEXITY" missed="0" covered="1"/><counter type="METHOD" missed="0" covered="1"/></method><method name="lambda$discover$1" desc="(Ljava/lang/String;Ljava/util/List;Lcom/github/javaparser/ast/body/ClassOrInterfaceDeclaration;)V" line="49"><counter type="INSTRUCTION" missed="0" covered="28"/><counter type="LINE" missed="0" covered="7"/><counter type="COMPLEXITY" missed="0" covered="1"/><counter type="METHOD" missed="0" covered="1"/></method><method name="lambda$discover$0" desc="(Lcom/github/javaparser/ast/body/ClassOrInterfaceDeclaration;Ljava/lang/String;Ljava/lang/String;Lcom/apiposture/core/models/AuthorizationInfo;Ljava/lang/String;Ljava/util/List;Lcom/github/javaparser/ast/body/MethodDeclaration;)V" line="56"><counter type="INSTRUCTION" missed="0" covered="14"/><counter type="LINE" missed="0" covered="3"/><counter type="COMPLEXITY" missed="0" covered="1"/><counter type="METHOD" missed="0" covered="1"/></method><method name="&lt;clinit&gt;" desc="()V" line="19"><counter type="INSTRUCTION" missed="0" covered="25"/><counter type="LINE" missed="0" covered="3"/><counter type="COMPLEXITY" missed="0" covered="1"/><counter type="METHOD" missed="0" covered="1"/></method><counter type="INSTRUCTION" missed="63" covered="399"/><counter type="BRANCH" missed="15" covered="27"/><counter type="LINE" missed="14" covered="100"/><counter type="COMPLEXITY" missed="13" covered="33"/><counter type="METHOD" missed="1" covered="24"/><counter type="CLASS" missed="0" covered="1"/></class><sourcefile name="EndpointDiscoverer.java"/><sourcefile name="ControllerEndpointDiscoverer.java"><line nr="19" mi="0" ci="4" mb="0" cb="0"/><line nr="23" mi="0" ci="8" mb="0" cb="0"/><line nr="28" mi="0" ci="13" mb="0" cb="0"/><line nr="38" mi="0" ci="2" mb="0" cb="0"/><line nr="39" mi="0" ci="3" mb="0" cb="0"/><line nr="40" mi="0" ci="1" mb="0" cb="0"/><line nr="44" mi="0" ci="4" mb="0" cb="0"/><line nr="46" mi="0" ci="6" mb="0" cb="0"/><line nr="47" mi="0" ci="5" mb="0" cb="0"/><line nr="48" mi="0" ci="1" mb="0" cb="0"/><line nr="49" mi="0" ci="3" mb="0" cb="0"/><line nr="50" mi="0" ci="4" mb="0" cb="0"/><line nr="51" mi="0" ci="5" mb="0" cb="0"/><line nr="53" mi="0" ci="5" mb="0" cb="0"/><line nr="54" mi="0" ci="9" mb="0" cb="0"/><line nr="55" mi="0" ci="1" mb="0" cb="0"/><line nr="56" mi="0" ci="9" mb="0" cb="0"/><line nr="60" mi="0" ci="4" mb="0" cb="0"/><line nr="61" mi="0" ci="1" mb="0" cb="0"/><line nr="62" mi="0" ci="1" mb="0" cb="0"/><line nr="64" mi="0" ci="2" mb="0" cb="0"/><line nr="71" mi="0" ci="5" mb="0" cb="0"/><line nr="72" mi="0" ci="6" mb="0" cb="0"/><line nr="79" mi="0" ci="5" mb="0" cb="0"/><line nr="80" mi="0" ci="6" mb="0" cb="0"/><line nr="87" mi="0" ci="5" mb="0" cb="0"/><line nr="88" mi="0" ci="6" mb="0" cb="0"/><line nr="89" mi="0" ci="3" mb="0" cb="0"/><line nr="90" mi="0" ci="2" mb="0" cb="0"/><line nr="91" mi="0" ci="2" mb="0" cb="0"/><line nr="98" mi="0" ci="6" mb="0" cb="2"/><line nr="99" mi="0" ci="5" mb="0" cb="0"/><line nr="100" mi="0" ci="6" mb="0" cb="2"/><line nr="101" mi="0" ci="5" mb="0" cb="0"/><line nr="102" mi="6" ci="9" mb="3" cb="1"/><line nr="103" mi="0" ci="3" mb="0" cb="0"/><line nr="104" mi="0" ci="7" mb="0" cb="0"/><line nr="105" mi="0" ci="2" mb="0" cb="0"/><line nr="107" mi="0" ci="2" mb="0" cb="0"/><line nr="114" mi="0" ci="6" mb="1" cb="1"/><line nr="115" mi="0" ci="3" mb="0" cb="0"/><line nr="116" mi="6" ci="0" mb="2" cb="0"/><line nr="118" mi="4" ci="0" mb="0" cb="0"/><line nr="119" mi="3" ci="0" mb="0" cb="0"/><line nr="120" mi="2" ci="0" mb="0" cb="0"/><line nr="121" mi="2" ci="0" mb="0" cb="0"/><line nr="123" mi="2" ci="0" mb="0" cb="0"/><line nr="130" mi="0" ci="3" mb="0" cb="0"/><line nr="132" mi="0" ci="11" mb="0" cb="2"/><line nr="133" mi="0" ci="3" mb="0" cb="0"/><line nr="136" mi="0" ci="4" mb="0" cb="2"/><line nr="137" mi="0" ci="8" mb="0" cb="0"/><line nr="140" mi="0" ci="4" mb="1" cb="1"/><line nr="141" mi="0" ci="6" mb="0" cb="0"/><line nr="143" mi="0" ci="1" mb="0" cb="0"/><line nr="146" mi="0" ci="3" mb="1" cb="1"/><line nr="147" mi="4" ci="0" mb="0" cb="0"/><line nr="150" mi="0" ci="2" mb="0" cb="0"/><line nr="157" mi="0" ci="3" mb="0" cb="0"/><line nr="159" mi="0" ci="6" mb="1" cb="1"/><line nr="160" mi="0" ci="4" mb="0" cb="0"/><line nr="161" mi="0" ci="6" mb="0" cb="0"/><line nr="162" mi="0" ci="4" mb="0" cb="0"/><line nr="163" mi="0" ci="1" mb="0" cb="0"/><line nr="164" mi="0" ci="3" mb="0" cb="0"/><line nr="165" mi="3" ci="3" mb="1" cb="1"/><line nr="166" mi="12" ci="0" mb="0" cb="0"/><line nr="168" mi="0" ci="4" mb="0" cb="0"/><line nr="170" mi="0" ci="1" mb="0" cb="0"/><line nr="173" mi="0" ci="2" mb="0" cb="0"/><line nr="180" mi="0" ci="6" mb="1" cb="1"/><line nr="181" mi="0" ci="3" mb="0" cb="0"/><line nr="183" mi="0" ci="5" mb="0" cb="0"/><line nr="184" mi="1" ci="0" mb="0" cb="0"/><line nr="185" mi="0" ci="1" mb="0" cb="0"/><line nr="186" mi="6" ci="1" mb="2" cb="0"/><line nr="189" mi="6" ci="0" mb="0" cb="0"/><line nr="190" mi="1" ci="0" mb="0" cb="0"/><line nr="191" mi="1" ci="0" mb="0" cb="0"/><line nr="193" mi="0" ci="1" mb="0" cb="0"/><line nr="204" mi="0" ci="4" mb="0" cb="0"/><line nr="205" mi="0" ci="5" mb="0" cb="0"/><line nr="206" mi="0" ci="4" mb="0" cb="0"/><line nr="209" mi="0" ci="5" mb="0" cb="0"/><line nr="210" mi="0" ci="4" mb="0" cb="0"/><line nr="212" mi="0" ci="3" mb="0" cb="0"/><line nr="213" mi="0" ci="6" mb="0" cb="0"/><line nr="214" mi="0" ci="5" mb="0" cb="0"/><line nr="216" mi="0" ci="3" mb="0" cb="0"/><line nr="217" mi="0" ci="2" mb="0" cb="0"/><line nr="218" mi="0" ci="2" mb="0" cb="0"/><line nr="219" mi="0" ci="2" mb="0" cb="0"/><line nr="220" mi="0" ci="2" mb="0" cb="0"/><line nr="221" mi="0" ci="7" mb="0" cb="0"/><line nr="222" mi="0" ci="2" mb="0" cb="0"/><line nr="223" mi="0" ci="1" mb="0" cb="0"/><line nr="224" mi="0" ci="1" mb="0" cb="0"/><line nr="231" mi="0" ci="4" mb="0" cb="0"/><line nr="232" mi="0" ci="4" mb="0" cb="0"/><line nr="234" mi="0" ci="6" mb="1" cb="3"/><line nr="235" mi="2" ci="0" mb="0" cb="0"/><line nr="237" mi="0" ci="3" mb="0" cb="2"/><line nr="238" mi="0" ci="3" mb="0" cb="0"/><line nr="240" mi="0" ci="3" mb="0" cb="2"/><line nr="241" mi="0" ci="3" mb="0" cb="0"/><line nr="243" mi="0" ci="4" mb="0" cb="0"/><line nr="250" mi="0" ci="2" mb="1" cb="1"/><line nr="251" mi="2" ci="0" mb="0" cb="0"/><line nr="253" mi="0" ci="3" mb="0" cb="0"/><line nr="254" mi="0" ci="4" mb="0" cb="2"/><line nr="255" mi="0" ci="4" mb="0" cb="0"/><line nr="257" mi="0" ci="4" mb="0" cb="2"/><line nr="258" mi="0" ci="8" mb="0" cb="0"/><line nr="260" mi="0" ci="2" mb="0" cb="0"/><counter type="INSTRUCTION" missed="63" covered="399"/><counter type="BRANCH" missed="15" covered="27"/><counter type="LINE" missed="14" covered="100"/><counter type="COMPLEXITY" missed="13" covered="33"/><counter type="METHOD" missed="1" covered="24"/><counter type="CLASS" missed="0" covered="1"/></sourcefile><counter type="INSTRUCTION" missed="63" covered="399"/><counter type="BRANCH" missed="15" covered="27"/><counter type="LINE" missed="14" covered="100"/><counter type="COMPLEXITY" missed="13" covered="33"/><counter type="METHOD" missed="1" covered="24"/><counter type="CLASS" missed="0" covered="1"/></package><package name="com/apiposture/core/authorization"><class name="com/apiposture/core/authorization/AnnotationAuthorizationExtractor" sourcefilename="AnnotationAuthorizationExtractor.java"><method name="&lt;init&gt;" desc="()V" line="16"><counter type="INSTRUCTION" missed="0" covered="3"/><counter type="LINE" missed="0" covered="1"/><counter type="COMPLEXITY" missed="0" covered="1"/><counter type="METHOD" missed="0" covered="1"/></method><method name="extract" desc="(Lcom/github/javaparser/ast/nodeTypes/NodeWithAnnotations;)Lcom/apiposture/core/models/AuthorizationInfo;" line="57"><counter type="INSTRUCTION" missed="0" covered="90"/><counter type="BRANCH" missed="0" covered="8"/><counter type="LINE" missed="0" covered="23"/><counter type="COMPLEXITY" missed="0" covered="7"/><counter type="METHOD" missed="0" covered="1"/></method><method name="extractAnnotationValue" desc="(Lcom/github/javaparser/ast/expr/AnnotationExpr;)Ljava/lang/String;" line="94"><counter type="INSTRUCTION" missed="21" covered="11"/><counter type="BRANCH" missed="3" covered="1"/><counter type="LINE" missed="7" covered="2"/><counter type="COMPLEXITY" missed="2" covered="1"/><counter type="METHOD" missed="0" covered="1"/></method><method name="extractStringFromExpression" desc="(Lcom/github/javaparser/ast/expr/Expression;)Ljava/lang/String;" line="110"><counter type="INSTRUCTION" missed="3" covered="9"/><counter type="BRANCH" missed="1" covered="1"/><counter type="LINE" missed="1" covered="2"/><counter type="COMPLEXITY" missed="1" covered="1"/><counter type="METHOD" missed="0" covered="1"/></method><method name="parsePreAuthorizeExpression" desc="(Ljava/lang/String;Ljava/util/Set;Ljava/util/Set;Lcom/apiposture/core/models/AuthorizationInfo$Builder;)V" line="122"><counter type="INSTRUCTION" missed="12" covered="73"/><counter type="BRANCH" missed="3" covered="11"/><counter type="LINE" missed="4" covered="19"/><counter type="COMPLEXITY" missed="3" covered="5"/><counter type="METHOD" missed="0" covered="1"/></method><method name="extractSecuredRoles" desc="(Lcom/github/javaparser/ast/expr/AnnotationExpr;Ljava/util/Set;)V" line="163"><counter type="INSTRUCTION" missed="16" covered="13"/><counter type="BRANCH" missed="3" covered="1"/><counter type="LINE" missed="5" covered="3"/><counter type="COMPLEXITY" missed="2" covered="1"/><counter type="METHOD" missed="0" covered="1"/></method><method name="extractRolesAllowed" desc="(Lcom/github/javaparser/ast/expr/AnnotationExpr;Ljava/util/Set;)V" line="177"><counter type="INSTRUCTION" missed="16" covered="13"/><counter type="BRANCH" missed="3" covered="1"/><counter type="LINE" missed="5" covered="3"/><counter type="COMPLEXITY" missed="2" covered="1"/><counter type="METHOD" missed="0" covered="1"/></method><method name="extractRolesFromExpression" desc="(Lcom/github/javaparser/ast/expr/Expression;Ljava/util/Set;)V" line="191"><counter type="INSTRUCTION" missed="0" covered="27"/><counter type="BRANCH" missed="1" covered="3"/><counter type="LINE" missed="0" covered="5"/><counter type="COMPLEXITY" missed="1" covered="2"/><counter type="METHOD" missed="0" covered="1"/></method><method name="normalizeRole" desc="(Ljava/lang/String;)Ljava/lang/String;" line="206"><counter type="INSTRUCTION" missed="2" covered="5"/><counter type="BRANCH" missed="1" covered="1"/><counter type="LINE" missed="1" covered="2"/><counter type="COMPLEXITY" missed="1" covered="1"/><counter type="METHOD" missed="0" covered="1"/></method><method name="extractQuotedStrings" desc="(Ljava/lang/String;)Ljava/util/Set;" line="217"><counter type="INSTRUCTION" missed="0" covered="20"/><counter type="BRANCH" missed="0" covered="2"/><counter type="LINE" missed="0" covered="5"/><counter type="COMPLEXITY" missed="0" covered="2"/><counter type="METHOD" missed="0" covered="1"/></method><method name="lambda$extractRolesFromExpression$7" desc="(Ljava/util/Set;Lcom/github/javaparser/ast/expr/Expression;)V" line="195"><counter type="INSTRUCTION" missed="0" covered="14"/><counter type="BRANCH" missed="1" covered="1"/><counter type="LINE" missed="0" covered="3"/><counter type="COMPLEXITY" missed="1" covered="1"/><counter type="METHOD" missed="0" covered="1"/></method><method name="lambda$extractRolesAllowed$6" desc="(Ljava/util/Set;Lcom/github/javaparser/ast/expr/MemberValuePair;)V" line="183"><counter type="INSTRUCTION" missed="6" covered="0"/><counter type="LINE" missed="1" covered="0"/><counter type="COMPLEXITY" missed="1" covered="0"/><counter type="METHOD" missed="1" covered="0"/></method><method name="lambda$extractRolesAllowed$5" desc="(Lcom/github/javaparser/ast/expr/MemberValuePair;)Z" line="181"><counter type="INSTRUCTION" missed="5" covered="0"/><counter type="LINE" missed="1" covered="0"/><counter type="COMPLEXITY" missed="1" covered="0"/><counter type="METHOD" missed="1" covered="0"/></method><method name="lambda$extractSecuredRoles$4" desc="(Ljava/util/Set;Lcom/github/javaparser/ast/expr/MemberValuePair;)V" line="169"><counter type="INSTRUCTION" missed="6" covered="0"/><counter type="LINE" missed="1" covered="0"/><counter type="COMPLEXITY" missed="1" covered="0"/><counter type="METHOD" missed="1" covered="0"/></method><method name="lambda$extractSecuredRoles$3" desc="(Lcom/github/javaparser/ast/expr/MemberValuePair;)Z" line="167"><counter type="INSTRUCTION" missed="5" covered="0"/><counter type="LINE" missed="1" covered="0"/><counter type="COMPLEXITY" missed="1" covered="0"/><counter type="METHOD" missed="1" covered="0"/></method><method name="lambda$parsePreAuthorizeExpression$2" desc="(Ljava/util/Set;Ljava/lang/String;)V" line="142"><counter type="INSTRUCTION" missed="0" covered="7"/><counter type="LINE" missed="0" covered="1"/><counter type="COMPLEXITY" missed="0" covered="1"/><counter type="METHOD" missed="0" covered="1"/></method><method name="lambda$extractAnnotationValue$1" desc="(Lcom/github/javaparser/ast/expr/MemberValuePair;)Ljava/lang/String;" line="100"><counter type="INSTRUCTION" missed="5" covered="0"/><counter type="LINE" missed="1" covered="0"/><counter type="COMPLEXITY" missed="1" covered="0"/><counter type="METHOD" missed="1" covered="0"/></method><method name="lambda$extractAnnotationValue$0" desc="(Lcom/github/javaparser/ast/expr/MemberValuePair;)Z" line="98"><counter type="INSTRUCTION" missed="5" covered="0"/><counter type="LINE" missed="1" covered="0"/><counter type="COMPLEXITY" missed="1" covered="0"/><counter type="METHOD" missed="1" covered="0"/></method><method name="&lt;clinit&gt;" desc="()V" line="19"><counter type="INSTRUCTION" missed="0" covered="24"/><counter type="LINE" missed="0" covered="6"/><counter type="COMPLEXITY" missed="0" covered="1"/><counter type="METHOD" missed="0" covered="1"/></method><counter type="INSTRUCTION" missed="102" covered="309"/><counter type="BRANCH" missed="16" covered="30"/><counter type="LINE" missed="23" covered="74"/><counter type="COMPLEXITY" missed="19" covered="25"/><counter type="METHOD" missed="6" covered="13"/><counter type="CLASS" missed="0" covered="1"/></class><sourcefile name="AnnotationAuthorizationExtractor.java"><line nr="16" mi="0" ci="3" mb="0" cb="0"/><line nr="19" mi="0" ci="4" mb="0" cb="0"/><line nr="25" mi="0" ci="4" mb="0" cb="0"/><line nr="31" mi="0" ci="4" mb="0" cb="0"/><line nr="37" mi="0" ci="4" mb="0" cb="0"/><line nr="43" mi="0" ci="4" mb="0" cb="0"/><line nr="49" mi="0" ci="4" mb="0" cb="0"/><line nr="57" mi="0" ci="2" mb="0" cb="0"/><line nr="58" mi="0" ci="4" mb="0" cb="0"/><line nr="59" mi="0" ci="4" mb="0" cb="0"/><line nr="61" mi="0" ci="11" mb="0" cb="2"/><line nr="62" mi="0" ci="3" mb="0" cb="0"/><line nr="64" mi="0" ci="8" mb="0" cb="6"/><line nr="66" mi="0" ci="4" mb="0" cb="0"/><line nr="67" mi="0" ci="4" mb="0" cb="0"/><line nr="68" mi="0" ci="4" mb="0" cb="0"/><line nr="69" mi="0" ci="6" mb="0" cb="0"/><line nr="70" mi="0" ci="1" mb="0" cb="0"/><line nr="72" mi="0" ci="4" mb="0" cb="0"/><line nr="73" mi="0" ci="4" mb="0" cb="0"/><line nr="74" mi="0" ci="1" mb="0" cb="0"/><line nr="76" mi="0" ci="4" mb="0" cb="0"/><line nr="77" mi="0" ci="4" mb="0" cb="0"/><line nr="78" mi="0" ci="1" mb="0" cb="0"/><line nr="79" mi="0" ci="5" mb="0" cb="0"/><line nr="80" mi="0" ci="4" mb="0" cb="0"/><line nr="82" mi="0" ci="1" mb="0" cb="0"/><line nr="84" mi="0" ci="4" mb="0" cb="0"/><line nr="85" mi="0" ci="4" mb="0" cb="0"/><line nr="87" mi="0" ci="3" mb="0" cb="0"/><line nr="94" mi="0" ci="6" mb="1" cb="1"/><line nr="95" mi="0" ci="5" mb="0" cb="0"/><line nr="96" mi="6" ci="0" mb="2" cb="0"/><line nr="97" mi="5" ci="0" mb="0" cb="0"/><line nr="98" mi="6" ci="0" mb="0" cb="0"/><line nr="99" mi="3" ci="0" mb="0" cb="0"/><line nr="100" mi="7" ci="0" mb="0" cb="0"/><line nr="101" mi="2" ci="0" mb="0" cb="0"/><line nr="103" mi="2" ci="0" mb="0" cb="0"/><line nr="110" mi="0" ci="6" mb="1" cb="1"/><line nr="111" mi="0" ci="3" mb="0" cb="0"/><line nr="113" mi="3" ci="0" mb="0" cb="0"/><line nr="122" mi="0" ci="5" mb="2" cb="2"/><line nr="123" mi="1" ci="0" mb="0" cb="0"/><line nr="127" mi="0" ci="5" mb="0" cb="2"/><line nr="128" mi="0" ci="4" mb="0" cb="0"/><line nr="132" mi="0" ci="4" mb="0" cb="0"/><line nr="133" mi="0" ci="3" mb="0" cb="2"/><line nr="134" mi="0" ci="6" mb="0" cb="0"/><line nr="135" mi="0" ci="4" mb="0" cb="0"/><line nr="136" mi="0" ci="1" mb="0" cb="0"/><line nr="139" mi="0" ci="4" mb="0" cb="0"/><line nr="140" mi="0" ci="3" mb="0" cb="2"/><line nr="141" mi="0" ci="4" mb="0" cb="0"/><line nr="142" mi="0" ci="14" mb="0" cb="0"/><line nr="143" mi="0" ci="1" mb="0" cb="0"/><line nr="146" mi="0" ci="4" mb="0" cb="0"/><line nr="147" mi="0" ci="3" mb="0" cb="2"/><line nr="148" mi="0" ci="7" mb="0" cb="0"/><line nr="152" mi="0" ci="4" mb="0" cb="0"/><line nr="153" mi="0" ci="3" mb="1" cb="1"/><line nr="154" mi="4" ci="0" mb="0" cb="0"/><line nr="155" mi="6" ci="0" mb="0" cb="0"/><line nr="156" mi="1" ci="0" mb="0" cb="0"/><line nr="157" mi="0" ci="1" mb="0" cb="0"/><line nr="163" mi="0" ci="6" mb="1" cb="1"/><line nr="164" mi="0" ci="6" mb="0" cb="0"/><line nr="165" mi="6" ci="0" mb="2" cb="0"/><line nr="166" mi="4" ci="0" mb="0" cb="0"/><line nr="167" mi="6" ci="0" mb="0" cb="0"/><line nr="168" mi="4" ci="0" mb="0" cb="0"/><line nr="169" mi="7" ci="0" mb="0" cb="0"/><line nr="171" mi="0" ci="1" mb="0" cb="0"/><line nr="177" mi="0" ci="6" mb="1" cb="1"/><line nr="178" mi="0" ci="6" mb="0" cb="0"/><line nr="179" mi="6" ci="0" mb="2" cb="0"/><line nr="180" mi="4" ci="0" mb="0" cb="0"/><line nr="181" mi="6" ci="0" mb="0" cb="0"/><line nr="182" mi="4" ci="0" mb="0" cb="0"/><line nr="183" mi="7" ci="0" mb="0" cb="0"/><line nr="185" mi="0" ci="1" mb="0" cb="0"/><line nr="191" mi="0" ci="6" mb="0" cb="2"/><line nr="192" mi="0" ci="8" mb="0" cb="0"/><line nr="193" mi="0" ci="6" mb="1" cb="1"/><line nr="194" mi="0" ci="6" mb="0" cb="0"/><line nr="195" mi="0" ci="6" mb="1" cb="1"/><lin
[...]
nter type="INSTRUCTION" missed="9" covered="0"/><counter type="LINE" missed="3" covered="0"/><counter type="COMPLEXITY" missed="1" covered="0"/><counter type="METHOD" missed="1" covered="0"/></method><method name="getExtension" desc="(Ljava/lang/String;)Ljava/util/Optional;" line="66"><counter type="INSTRUCTION" missed="7" covered="0"/><counter type="LINE" missed="1" covered="0"/><counter type="COMPLEXITY" missed="1" covered="0"/><counter type="METHOD" missed="1" covered="0"/></method><method name="getRule" desc="(Ljava/lang/String;)Ljava/util/Optional;" line="73"><counter type="INSTRUCTION" missed="7" covered="0"/><counter type="LINE" missed="1" covered="0"/><counter type="COMPLEXITY" missed="1" covered="0"/><counter type="METHOD" missed="1" covered="0"/></method><method name="hasExtensions" desc="()Z" line="80"><counter type="INSTRUCTION" missed="8" covered="0"/><counter type="BRANCH" missed="2" covered="0"/><counter type="LINE" missed="1" covered="0"/><counter type="COMPLEXITY" missed="2" covered="0"/><counter type="METHOD" missed="1" covered="0"/></method><method name="notifyScanStart" desc="(Ljava/lang/String;)V" line="87"><counter type="INSTRUCTION" missed="7" covered="0"/><counter type="LINE" missed="2" covered="0"/><counter type="COMPLEXITY" missed="1" covered="0"/><counter type="METHOD" missed="1" covered="0"/></method><method name="notifyScanComplete" desc="(Lcom/apiposture/core/models/ScanResult;)V" line="101"><counter type="INSTRUCTION" missed="7" covered="0"/><counter type="LINE" missed="2" covered="0"/><counter type="COMPLEXITY" missed="1" covered="0"/><counter type="METHOD" missed="1" covered="0"/></method><method name="lambda$notifyScanComplete$3" desc="(Lcom/apiposture/core/models/ScanResult;Lcom/apiposture/core/extensions/ApiPostureExtension;)V" line="103"><counter type="INSTRUCTION" missed="13" covered="0"/><counter type="LINE" missed="5" covered="0"/><counter type="COMPLEXITY" missed="1" covered="0"/><counter type="METHOD" missed="1" covered="0"/></method><method name="lambda$notifyScanStart$2" desc="(Ljava/lang/String;Lcom/apiposture/core/extensions/ApiPostureExtension;)V" line="89"><counter type="INSTRUCTION" missed="13" covered="0"/><counter type="LINE" missed="5" covered="0"/><counter type="COMPLEXITY" missed="1" covered="0"/><counter type="METHOD" missed="1" covered="0"/></method><method name="lambda$getLicensedRules$1" desc="(Lcom/apiposture/core/extensions/ExtensionRule;)Z" line="56"><counter type="INSTRUCTION" missed="16" covered="0"/><counter type="BRANCH" missed="4" covered="0"/><counter type="LINE" missed="2" covered="0"/><counter type="COMPLEXITY" missed="3" covered="0"/><counter type="METHOD" missed="1" covered="0"/></method><method name="lambda$unregisterExtension$0" desc="(Ljava/lang/String;Ljava/util/Map$Entry;)Z" line="26"><counter type="INSTRUCTION" missed="7" covered="0"/><counter type="LINE" missed="1" covered="0"/><counter type="COMPLEXITY" missed="1" covered="0"/><counter type="METHOD" missed="1" covered="0"/></method><counter type="INSTRUCTION" missed="150" covered="0"/><counter type="BRANCH" missed="6" covered="0"/><counter type="LINE" missed="34" covered="0"/><counter type="COMPLEXITY" missed="19" covered="0"/><counter type="METHOD" missed="16" covered="0"/><counter type="CLASS" missed="1" covered="0"/></class><sourcefile name="ExtensionManager.java"><line nr="8" mi="2" ci="0" mb="0" cb="0"/><line nr="10" mi="5" ci="0" mb="0" cb="0"/><line nr="11" mi="6" ci="0" mb="0" cb="0"/><line nr="17" mi="7" ci="0" mb="0" cb="0"/><line nr="18" mi="1" ci="0" mb="0" cb="0"/><line nr="24" mi="5" ci="0" mb="0" cb="0"/><line nr="26" mi="14" ci="0" mb="0" cb="0"/><line nr="27" mi="1" ci="0" mb="0" cb="0"/><line nr="33" mi="7" ci="0" mb="0" cb="0"/><line nr="34" mi="1" ci="0" mb="0" cb="0"/><line nr="40" mi="7" ci="0" mb="0" cb="0"/><line nr="47" mi="7" ci="0" mb="0" cb="0"/><line nr="54" mi="7" ci="0" mb="0" cb="0"/><line nr="55" mi="1" ci="0" mb="0" cb="0"/><line nr="56" mi="7" ci="0" mb="0" cb="0"/><line nr="57" mi="9" ci="0" mb="4" cb="0"/><line nr="59" mi="1" ci="0" mb="0" cb="0"/><line nr="66" mi="7" ci="0" mb="0" cb="0"/><line nr="73" mi="7" ci="0" mb="0" cb="0"/><line nr="80" mi="8" ci="0" mb="2" cb="0"/><line nr="87" mi="6" ci="0" mb="0" cb="0"/><line nr="89" mi="3" ci="0" mb="0" cb="0"/><line nr="90" mi="1" ci="0" mb="0" cb="0"/><line nr="92" mi="7" ci="0" mb="0" cb="0"/><line nr="93" mi="1" ci="0" mb="0" cb="0"/><line nr="94" mi="1" ci="0" mb="0" cb="0"/><line nr="95" mi="1" ci="0" mb="0" cb="0"/><line nr="101" mi="6" ci="0" mb="0" cb="0"/><line nr="103" mi="3" ci="0" mb="0" cb="0"/><line nr="104" mi="1" ci="0" mb="0" cb="0"/><line nr="106" mi="7" ci="0" mb="0" cb="0"/><line nr="107" mi="1" ci="0" mb="0" cb="0"/><line nr="108" mi="1" ci="0" mb="0" cb="0"/><line nr="109" mi="1" ci="0" mb="0" cb="0"/><counter type="INSTRUCTION" missed="150" covered="0"/><counter type="BRANCH" missed="6" covered="0"/><counter type="LINE" missed="34" covered="0"/><counter type="COMPLEXITY" missed="19" covered="0"/><counter type="METHOD" missed="16" covered="0"/><counter type="CLASS" missed="1" covered="0"/></sourcefile><sourcefile name="ExtensionRule.java"><line nr="53" mi="2" ci="0" mb="0" cb="0"/><counter type="INSTRUCTION" missed="2" covered="0"/><counter type="LINE" missed="1" covered="0"/><counter type="COMPLEXITY" missed="1" covered="0"/><counter type="METHOD" missed="1" covered="0"/><counter type="CLASS" missed="1" covered="0"/></sourcefile><sourcefile name="ApiPostureExtension.java"><line nr="32" mi="1" ci="0" mb="0" cb="0"/><line nr="40" mi="1" ci="0" mb="0" cb="0"/><line nr="46" mi="2" ci="0" mb="0" cb="0"/><counter type="INSTRUCTION" missed="4" covered="0"/><counter type="LINE" missed="3" covered="0"/><counter type="COMPLEXITY" missed="3" covered="0"/><counter type="METHOD" missed="3" covered="0"/><counter type="CLASS" missed="1" covered="0"/></sourcefile><counter type="INSTRUCTION" missed="156" covered="0"/><counter type="BRANCH" missed="6" covered="0"/><counter type="LINE" missed="38" covered="0"/><counter type="COMPLEXITY" missed="23" covered="0"/><counter type="METHOD" missed="20" covered="0"/><counter type="CLASS" missed="3" covered="0"/></package><package name="com/apiposture/core/analysis"><class name="com/apiposture/core/analysis/SourceFileLoader$1" sourcefilename="SourceFileLoader.java"><method name="&lt;init&gt;" desc="(Lcom/apiposture/core/analysis/SourceFileLoader;Ljava/util/List;)V" line="75"><counter type="INSTRUCTION" missed="9" covered="0"/><counter type="LINE" missed="1" covered="0"/><counter type="COMPLEXITY" missed="1" covered="0"/><counter type="METHOD" missed="1" covered="0"/></method><method name="preVisitDirectory" desc="(Ljava/nio/file/Path;Ljava/nio/file/attribute/BasicFileAttributes;)Ljava/nio/file/FileVisitResult;" line="78"><counter type="INSTRUCTION" missed="53" covered="0"/><counter type="BRANCH" missed="16" covered="0"/><counter type="LINE" missed="10" covered="0"/><counter type="COMPLEXITY" missed="9" covered="0"/><counter type="METHOD" missed="1" covered="0"/></method><method name="visitFile" desc="(Ljava/nio/file/Path;Ljava/nio/file/attribute/BasicFileAttributes;)Ljava/nio/file/FileVisitResult;" line="96"><counter type="INSTRUCTION" missed="57" covered="0"/><counter type="BRANCH" missed="16" covered="0"/><counter type="LINE" missed="13" covered="0"/><counter type="COMPLEXITY" missed="9" covered="0"/><counter type="METHOD" missed="1" covered="0"/></method><method name="visitFileFailed" desc="(Ljava/nio/file/Path;Ljava/io/IOException;)Ljava/nio/file/FileVisitResult;" line="118"><counter type="INSTRUCTION" missed="2" covered="0"/><counter type="LINE" missed="1" covered="0"/><counter type="COMPLEXITY" missed="1" covered="0"/><counter type="METHOD" missed="1" covered="0"/></method><counter type="INSTRUCTION" missed="121" covered="0"/><counter type="BRANCH" missed="32" covered="0"/><counter type="LINE" missed="25" covered="0"/><counter type="COMPLEXITY" missed="20" covered="0"/><counter type="METHOD" missed="4" covered="0"/><counter type="CLASS" missed="1" covered="0"/></class><class name="com/apiposture/core/analysis/SourceFileLoader$ParsedFile" sourcefilename="SourceFileLoader.java"><method name="&lt;init&gt;" desc="(Ljava/nio/file/Path;Lcom/github/javaparser/ast/CompilationUnit;)V" line="156"><counter type="INSTRUCTION" missed="9" covered="0"/><counter type="LINE" missed="1" covered="0"/><counter type="COMPLEXITY" missed="1" covered="0"/><counter type="METHOD" missed="1" covered="0"/></method><method name="getFileName" desc="()Ljava/lang/String;" line="158"><counter type="INSTRUCTION" missed="5" covered="0"/><counter type="LINE" missed="1" covered="0"/><counter type="COMPLEXITY" missed="1" covered="0"/><counter type="METHOD" missed="1" covered="0"/></method><method name="getAbsolutePath" desc="()Ljava/lang/String;" line="162"><counter type="INSTRUCTION" missed="5" covered="0"/><counter type="LINE" missed="1" covered="0"/><counter type="COMPLEXITY" missed="1" covered="0"/><counter type="METHOD" missed="1" covered="0"/></method><counter type="INSTRUCTION" missed="19" covered="0"/><counter type="LINE" missed="3" covered="0"/><counter type="COMPLEXITY" missed="3" covered="0"/><counter type="METHOD" missed="3" covered="0"/><counter type="CLASS" missed="1" covered="0"/></class><class name="com/apiposture/core/analysis/ProjectAnalyzer" sourcefilename="ProjectAnalyzer.java"><method name="&lt;init&gt;" desc="()V" line="27"><counter type="INSTRUCTION" missed="4" covered="0"/><counter type="LINE" missed="2" covered="0"/><counter type="COMPLEXITY" missed="1" covered="0"/><counter type="METHOD" missed="1" covered="0"/></method><method name="&lt;init&gt;" desc="(Ljava/util/List;)V" line="30"><counter type="INSTRUCTION" missed="25" covered="0"/><counter type="LINE" missed="6" covered="0"/><counter type="COMPLEXITY" missed="1" covered="0"/><counter type="METHOD" missed="1" covered="0"/></method><method name="analyze" desc="(Ljava/nio/file/Path;)Lcom/apiposture/core/analysis/ProjectAnalyzer$AnalysisResult;" line="44"><counter type="INSTRUCTION" missed="71" covered="0"/><counter type="BRANCH" missed="4" covered="0"/><counter type="LINE" missed="16" covered="0"/><counter type="COMPLEXITY" missed="3" covered="0"/><counter type="METHOD" missed="1" covered="0"/></method><counter type="INSTRUCTION" missed="100" covered="0"/><counter type="BRANCH" missed="4" covered="0"/><counter type="LINE" missed="24" covered="0"/><counter type="COMPLEXITY" missed="5" covered="0"/><counter type="METHOD" missed="3" covered="0"/><counter type="CLASS" missed="1" covered="0"/></class><class name="com/apiposture/core/analysis/ProjectAnalyzer$AnalysisResult" sourcefilename="ProjectAnalyzer.java"><method name="&lt;init&gt;" desc="(Ljava/lang/String;Ljava/util/List;ILjava/time/Duration;)V" line="73"><counter type="INSTRUCTION" missed="15" covered="0"/><counter type="LINE" missed="1" covered="0"/><counter type="COMPLEXITY" missed="1" covered="0"/><counter type="METHOD" missed="1" covered="0"/></method><method name="toScanResult" desc="()Lcom/apiposture/core/models/ScanResult;" line="83"><counter type="INSTRUCTION" missed="17" covered="0"/><counter type="LINE" missed="7" covered="0"/><counter type="COMPLEXITY" missed="1" covered="0"/><counter type="METHOD" missed="1" covered="0"/></method><counter type="INSTRUCTION" missed="32" covered="0"/><counter type="LINE" missed="8" covered="0"/><counter type="COMPLEXITY" missed="2" covered="0"/><counter type="METHOD" missed="2" covered="0"/><counter type="CLASS" missed="1" covered="0"/></class><class name="com/apiposture/core/analysis/SourceFileLoader" sourcefilename="SourceFileLoader.java"><method name="&lt;init&gt;" desc="()V" line="25"><counter type="INSTRUCTION" missed="0" covered="4"/><counter type="LINE" missed="0" covered="2"/><counter type="COMPLEXITY" missed="0" covered="1"/><counter type="METHOD" missed="0" covered="1"/></method><method name="&lt;init&gt;" desc="(Ljava/util/List;)V" line="28"><counter type="INSTRUCTION" missed="0" covered="20"/><counter type="LINE" missed="0" covered="6"/><counter type="COMPLEXITY" missed="0" covered="1"/><counter type="METHOD" missed="0" covered="1"/></method><method name="parseText" desc="(Ljava/lang/String;)Ljava/util/Optional;" line="40"><counter type="INSTRUCTION" missed="2" covered="15"/><counter type="BRANCH" missed="2" covered="2"/><counter type="LINE" missed="1" covered="3"/><counter type="COMPLEXITY" missed="2" covered="1"/><counter type="METHOD" missed="0" covered="1"/></method><method name="parseFile" desc="(Ljava/nio/file/Path;)Ljava/util/Optional;" line="52"><counter type="INSTRUCTION" missed="35" covered="0"/><counter type="BRANCH" missed="4" covered="0"/><counter type="LINE" missed="9" covered="0"/><counter type="COMPLEXITY" missed="3" covered="0"/><counter type="METHOD" missed="1" covered="0"/></method><method name="findJavaFiles" desc="(Ljava/nio/file/Path;)Ljava/util/List;" line="69"><counter type="INSTRUCTION" missed="21" covered="0"/><counter type="BRANCH" missed="2" covered="0"/><counter type="LINE" missed="5" covered="0"/><counter type="COMPLEXITY" missed="2" covered="0"/><counter type="METHOD" missed="1" covered="0"/></method><method name="loadProject" desc="(Ljava/nio/file/Path;)Ljava/util/List;" line="129"><counter type="INSTRUCTION" missed="28" covered="0"/><counter type="BRANCH" missed="2" covered="0"/><counter type="LINE" missed="6" covered="0"/><counter type="COMPLEXITY" missed="2" covered="0"/><counter type="METHOD" missed="1" covered="0"/></method><method name="matchesPattern" desc="(Ljava/nio/file/Path;Ljava/lang/String;)Z" line="146"><counter type="INSTRUCTION" missed="21" covered="0"/><counter type="BRANCH" missed="4" covered="0"/><counter type="LINE" missed="4" covered="0"/><counter type="COMPLEXITY" missed="3" covered="0"/><counter type="METHOD" missed="1" covered="0"/></method><method name="lambda$loadProject$0" desc="(Ljava/util/List;Ljava/nio/file/Path;Lcom/github/javaparser/ast/CompilationUnit;)V" line="134"><counter type="INSTRUCTION" missed="9" covered="0"/><counter type="LINE" missed="1" covered="0"/><counter type="COMPLEXITY" missed="1" covered="0"/><counter type="METHOD" missed="1" covered="0"/></method><counter type="INSTRUCTION" missed="116" covered="39"/><counter type="BRANCH" missed="14" covered="2"/><counter type="LINE" missed="26" covered="11"/><counter type="COMPLEXITY" missed="13" covered="3"/><counter type="METHOD" missed="5" covered="3"/><counter type="CLASS" missed="0" covered="1"/></class><sourcefile name="SourceFileLoader.java"><line nr="25" mi="0" ci="3" mb="0" cb="0"/><line nr="26" mi="0" ci="1" mb="0" cb="0"/><line nr="28" mi="0" ci="2" mb="0" cb="0"/><line nr="29" mi="0" ci="3" mb="0" cb="0"/><line nr="31" mi="0" ci="4" mb="0" cb="0"/><line nr="32" mi="0" ci="4" mb="0" cb="0"/><line nr="33" mi="0" ci="6" mb="0" cb="0"/><line nr="34" mi="0" ci="1" mb="0" cb="0"/><line nr="40" mi="0" ci="5" mb="0" cb="0"/><line nr="41" mi="0" ci="7" mb="2" cb="2"/><line nr="42" mi="0" ci="3" mb="0" cb="0"/><line nr="44" mi="2" ci="0" mb="0" cb="0"/><line nr="52" mi="5" ci="0" mb="0" cb="0"/><line nr="53" mi="7" ci="0" mb="4" cb="0"/><line nr="54" mi="5" ci="0" mb="0" cb="0"/><line nr="55" mi="4" ci="0" mb="0" cb="0"/><line nr="56" mi="3" ci="0" mb="0" cb="0"/><line nr="58" mi="1" ci="0" mb="0" cb="0"/><line nr="60" mi="7" ci="0" mb="0" cb="0"/><line nr="61" mi="1" ci="0" mb="0" cb="0"/><line nr="62" mi="2" ci="0" mb="0" cb="0"/><line nr="69" mi="4" ci="0" mb="0" cb="0"/><line nr="71" mi="5" ci="0" mb="2" cb="0"/><line nr="72" mi="2" ci="0" mb="0" cb="0"/><line nr="75" mi="17" ci="0" mb="0" cb="0"/><line nr="78" mi="4" ci="0" mb="0" cb="0"/><line nr="80" mi="10" ci="0" mb="4" cb="0"/><line nr="81" mi="8" ci="0" mb="4" cb="0"/><line nr="82" mi="6" ci="0" mb="4" cb="0"/><line nr="83" mi="2" ci="0" mb="0" cb="0"/><line nr="86" mi="12" ci="0" mb="2" cb="0"/><line nr="87" mi="6" ci="0" mb="2" cb="0"/><line nr="88" mi="2" ci="0" mb="0" cb="0"/><line nr="90" mi="1" ci="0" mb="0" cb="0"/><line nr="91" mi="2" ci="0" mb="0" cb="0"/><line nr="96" mi="5" ci="0" mb="2" cb="0"/><line nr="98" mi="3" ci="0" mb="0" cb="0"/><line nr="99" mi="10" ci="0" mb="4" cb="0"/><line nr="100" mi="6" ci="0" mb="4" cb="0"/><line nr="101" mi="2" ci="0" mb="0" cb="0"/><line nr="102" mi="12" ci="0" mb="2" cb="0"/><line nr="103" mi="6" ci="0" mb="2" cb="0"/><line nr="104" mi="2" ci="0" mb="0" cb="0"/><line nr="105" mi="1" ci="0" mb="0" cb="0"/><line nr="107" mi="1" ci="0" mb="0" cb="0"/><line nr="108" mi="2" ci="0" mb="2" cb="0"/><line nr="109" mi="5" ci="0" mb="0" cb="0"/><line nr="113" mi="2" ci="0" mb="0" cb="0"/><line nr="118" mi="2" ci="0" mb="0" cb="0"/><line nr="122" mi="2" ci="0" mb="0" cb="0"/><line nr="129" mi="4" ci="0" mb="0" cb="0"/><line nr="130" mi="4" ci="0" mb="0" cb="0"/><line nr="132" mi="10" ci="0" mb="2" cb="0"/><line nr="133" mi="7" ci="0" mb="0" cb="0"/><line nr="134" mi="9" ci="0" mb="0" cb="0"/><line nr="136" mi="1" ci="0" mb="0" cb="0"/><line nr="138" mi="2" ci="0" mb="0" cb="0"/><line nr="146" mi="5" ci="0" mb="0" cb="0"/><line nr="147" mi="13" ci="0" mb="4" cb="0"/><line nr="148" mi="1" ci="0" mb="0" cb="0"/><line nr="149" mi="2" ci="0" mb="0" cb="0"/><line nr="156" mi="9" ci="0" mb="0" cb="0"/><line nr="158" mi="5" ci="0" mb="0" cb="0"/><line nr="162" mi="5" ci="0" mb="0" cb="0"/><counter type="INSTRUCTION" missed="256" covered="39"/><counter type="BRANCH" missed="46" covered="2"/><counter type="LINE" missed="53" covered="11"/><counter type="COMPLEXITY" missed="36" covered="3"/><counter type="METHOD" missed="12" covered="3"/><counter type="CLASS" missed="2" covered="1"/></sourcefile><sourcefile name="ProjectAnalyzer.java"><line nr="27" mi="3" ci="0" mb="0" cb="0"/><line nr="28" mi="1" ci="0" mb="0" cb="0"/><line nr="30" mi="2" ci="0" mb="0" cb="0"/><line nr="31" mi="6" ci="0" mb="0" cb="0"/><line nr="32" mi="5" ci="0" mb="0" cb="0"/><line nr="34" mi="4" ci="0" mb="0" cb="0"/><line nr="35" mi="7" ci="0" mb="0" cb="0"/><line nr="38" mi="1" ci="0" mb="0" cb="0"/><line nr="44" mi="2" ci="0" mb="0" cb="0"/><line nr="46" mi="5" ci="0" mb="0" cb="0"/><line nr="47" mi="4" ci="0" mb="0" cb="0"/><line nr="49" mi="10" ci="0" mb="2" cb="0"/><line nr="50" mi="11" ci="0" mb="2" cb="0"/><line nr="51" mi="7" ci="0" mb="0" cb="0"/><line nr="53" mi="5" ci="0" mb="0" cb="0"/><line nr="54" mi="4" ci="0" mb="0" cb="0"/><line nr="55" mi="2" ci="0" mb="0" cb="0"/><line nr="56" mi="4" ci="0" mb="0" cb="0"/><line nr="57" mi="1" ci="0" mb="0" cb="0"/><line nr="58" mi="1" ci="0" mb="0" cb="0"/><line nr="60" mi="4" ci="0" mb="0" cb="0"/><line nr="62" mi="4" ci="0" mb="0" cb="0"/><line nr="63" mi="4" ci="0" mb="0" cb="0"/><line nr="65" mi="3" ci="0" mb="0" cb="0"/><line nr="73" mi="15" ci="0" mb="0" cb="0"/><line nr="83" mi="4" ci="0" mb="0" cb="0"/><line nr="84" mi="3" ci="0" mb="0" cb="0"/><line nr="85" mi="1" ci="0" mb="0" cb="0"/><line nr="86" mi="4" ci="0" mb="0" cb="0"/><line nr="87" mi="3" ci="0" mb="0" cb="0"/><line nr="88" mi="1" ci="0" mb="0" cb="0"/><line nr="89" mi="1" ci="0" mb="0" cb="0"/><counter type="INSTRUCTION" missed="132" covered="0"/><counter type="BRANCH" missed="4" covered="0"/><counter type="LINE" missed="32" covered="0"/><counter type="COMPLEXITY" missed="7" covered="0"/><counter type="METHOD" missed="5" covered="0"/><counter type="CLASS" missed="2" covered="0"/></sourcefile><counter type="INSTRUCTION" missed="388" covered="39"/><counter type="BRANCH" missed="50" covered="2"/><counter type="LINE" missed="85" covered="11"/><counter type="COMPLEXITY" missed="43" covered="3"/><counter type="METHOD" missed="17" covered="3"/><counter type="CLASS" missed="4" covered="1"/></package><counter type="INSTRUCTION" missed="1725" covered="1101"/><counter type="BRANCH" missed="187" covered="69"/><counter type="LINE" missed="353" covered="264"/><counter type="COMPLEXITY" missed="225" covered="96"/><counter type="METHOD" missed="116" covered="75"/><counter type="CLASS" missed="14" covered="10"/></report>